{"C:\\Users\\vitin\\.gemini\\antigravity\\playground\\ruby-opportunity\\Camugere_repo\\api\\src\\Controller\\Autor\\createAutorController.js": {"path":"C:\\Users\\vitin\\.gemini\\antigravity\\playground\\ruby-opportunity\\Camugere_repo\\api\\src\\Controller\\Autor\\createAutorController.js","statementMap":{"0":{"start":{"line":5,"column":4},"end":{"line":29,"column":5}},"1":{"start":{"line":6,"column":22},"end":{"line":6,"column":30}},"2":{"start":{"line":8,"column":41},"end":{"line":8,"column":62}},"3":{"start":{"line":10,"column":8},"end":{"line":12,"column":9}},"4":{"start":{"line":11,"column":12},"end":{"line":11,"column":73}},"5":{"start":{"line":14,"column":23},"end":{"line":14,"column":46}},"6":{"start":{"line":16,"column":8},"end":{"line":18,"column":9}},"7":{"start":{"line":17,"column":12},"end":{"line":17,"column":73}},"8":{"start":{"line":20,"column":8},"end":{"line":23,"column":10}},"9":{"start":{"line":25,"column":8},"end":{"line":28,"column":10}}},"fnMap":{"0":{"name":"createAutorController","decl":{"start":{"line":4,"column":30},"end":{"line":4,"column":51}},"loc":{"start":{"line":4,"column":62},"end":{"line":30,"column":1}},"line":4}},"branchMap":{"0":{"loc":{"start":{"line":10,"column":8},"end":{"line":12,"column":9}},"type":"if","locations":[{"start":{"line":10,"column":8},"end":{"line":12,"column":9}},{"start":{},"end":{}}],"line":10},"1":{"loc":{"start":{"line":16,"column":8},"end":{"line":18,"column":9}},"type":"if","locations":[{"start":{"line":16,"column":8},"end":{"line":18,"column":9}},{"start":{},"end":{}}],"line":16}},"s":{"0":0,"1":0,"2":0,"3":0,"4":0,"5":0,"6":0,"7":0,"8":0,"9":0},"f":{"0":0},"b":{"0":[0,0],"1":[0,0]}}
,"C:\\Users\\vitin\\.gemini\\antigravity\\playground\\ruby-opportunity\\Camugere_repo\\api\\src\\Controller\\Autor\\deleteAutorController.js": {"path":"C:\\Users\\vitin\\.gemini\\antigravity\\playground\\ruby-opportunity\\Camugere_repo\\api\\src\\Controller\\Autor\\deleteAutorController.js","statementMap":{"0":{"start":{"line":4,"column":4},"end":{"line":21,"column":5}},"1":{"start":{"line":5,"column":23},"end":{"line":5,"column":33}},"2":{"start":{"line":7,"column":23},"end":{"line":7,"column":45}},"3":{"start":{"line":9,"column":8},"end":{"line":11,"column":9}},"4":{"start":{"line":10,"column":12},"end":{"line":10,"column":76}},"5":{"start":{"line":13,"column":8},"end":{"line":15,"column":10}},"6":{"start":{"line":17,"column":8},"end":{"line":20,"column":10}}},"fnMap":{"0":{"name":"deleteAutorController","decl":{"start":{"line":3,"column":30},"end":{"line":3,"column":51}},"loc":{"start":{"line":3,"column":62},"end":{"line":22,"column":1}},"line":3}},"branchMap":{"0":{"loc":{"start":{"line":9,"column":8},"end":{"line":11,"column":9}},"type":"if","locations":[{"start":{"line":9,"column":8},"end":{"line":11,"column":9}},{"start":{},"end":{}}],"line":9}},"s":{"0":0,"1":0,"2":0,"3":0,"4":0,"5":0,"6":0},"f":{"0":0},"b":{"0":[0,0]}}
,"C:\\Users\\vitin\\.gemini\\antigravity\\playground\\ruby-opportunity\\Camugere_repo\\api\\src\\Controller\\Autor\\getAutorByIdController.js": {"path":"C:\\Users\\vitin\\.gemini\\antigravity\\playground\\ruby-opportunity\\Camugere_repo\\api\\src\\Controller\\Autor\\getAutorByIdController.js","statementMap":{"0":{"start":{"line":4,"column":4},"end":{"line":22,"column":5}},"1":{"start":{"line":5,"column":23},"end":{"line":5,"column":33}},"2":{"start":{"line":7,"column":23},"end":{"line":7,"column":46}},"3":{"start":{"line":9,"column":8},"end":{"line":11,"column":9}},"4":{"start":{"line":10,"column":12},"end":{"line":10,"column":78}},"5":{"start":{"line":13,"column":8},"end":{"line":16,"column":10}},"6":{"start":{"line":18,"column":8},"end":{"line":21,"column":10}}},"fnMap":{"0":{"name":"getAutorByIdController","decl":{"start":{"line":3,"column":30},"end":{"line":3,"column":52}},"loc":{"start":{"line":3,"column":63},"end":{"line":23,"column":1}},"line":3}},"branchMap":{"0":{"loc":{"start":{"line":9,"column":8},"end":{"line":11,"column":9}},"type":"if","locations":[{"start":{"line":9,"column":8},"end":{"line":11,"column":9}},{"start":{},"end":{}}],"line":9}},"s":{"0":0,"1":0,"2":0,"3":0,"4":0,"5":0,"6":0},"f":{"0":0},"b":{"0":[0,0]}}
,"C:\\Users\\vitin\\.gemini\\antigravity\\playground\\ruby-opportunity\\Camugere_repo\\api\\src\\Controller\\Autor\\listAutorController.js": {"path":"C:\\Users\\vitin\\.gemini\\antigravity\\playground\\ruby-opportunity\\Camugere_repo\\api\\src\\Controller\\Autor\\listAutorController.js","statementMap":{"0":{"start":{"line":4,"column":4},"end":{"line":20,"column":5}},"1":{"start":{"line":5,"column":23},"end":{"line":5,"column":40}},"2":{"start":{"line":7,"column":8},"end":{"line":9,"column":9}},"3":{"start":{"line":8,"column":12},"end":{"line":8,"column":65}},"4":{"start":{"line":11,"column":8},"end":{"line":14,"column":10}},"5":{"start":{"line":16,"column":8},"end":{"line":19,"column":10}}},"fnMap":{"0":{"name":"listAutorController","decl":{"start":{"line":3,"column":30},"end":{"line":3,"column":49}},"loc":{"start":{"line":3,"column":60},"end":{"line":21,"column":1}},"line":3}},"branchMap":{"0":{"loc":{"start":{"line":7,"column":8},"end":{"line":9,"column":9}},"type":"if","locations":[{"start":{"line":7,"column":8},"end":{"line":9,"column":9}},{"start":{},"end":{}}],"line":7}},"s":{"0":0,"1":0,"2":0,"3":0,"4":0,"5":0},"f":{"0":0},"b":{"0":[0,0]}}
,"C:\\Users\\vitin\\.gemini\\antigravity\\playground\\ruby-opportunity\\Camugere_repo\\api\\src\\Controller\\Autor\\updateAutorController.js": {"path":"C:\\Users\\vitin\\.gemini\\antigravity\\playground\\ruby-opportunity\\Camugere_repo\\api\\src\\Controller\\Autor\\updateAutorController.js","statementMap":{"0":{"start":{"line":5,"column":4},"end":{"line":30,"column":5}},"1":{"start":{"line":6,"column":23},"end":{"line":6,"column":33}},"2":{"start":{"line":7,"column":22},"end":{"line":7,"column":30}},"3":{"start":{"line":9,"column":41},"end":{"line":9,"column":62}},"4":{"start":{"line":11,"column":8},"end":{"line":13,"column":9}},"5":{"start":{"line":12,"column":12},"end":{"line":12,"column":73}},"6":{"start":{"line":15,"column":23},"end":{"line":15,"column":51}},"7":{"start":{"line":17,"column":8},"end":{"line":19,"column":9}},"8":{"start":{"line":18,"column":12},"end":{"line":18,"column":88}},"9":{"start":{"line":21,"column":8},"end":{"line":24,"column":10}},"10":{"start":{"line":26,"column":8},"end":{"line":29,"column":10}}},"fnMap":{"0":{"name":"updateAutorController","decl":{"start":{"line":4,"column":30},"end":{"line":4,"column":51}},"loc":{"start":{"line":4,"column":62},"end":{"line":31,"column":1}},"line":4}},"branchMap":{"0":{"loc":{"start":{"line":11,"column":8},"end":{"line":13,"column":9}},"type":"if","locations":[{"start":{"line":11,"column":8},"end":{"line":13,"column":9}},{"start":{},"end":{}}],"line":11},"1":{"loc":{"start":{"line":17,"column":8},"end":{"line":19,"column":9}},"type":"if","locations":[{"start":{"line":17,"column":8},"end":{"line":19,"column":9}},{"start":{},"end":{}}],"line":17}},"s":{"0":0,"1":0,"2":0,"3":0,"4":0,"5":0,"6":0,"7":0,"8":0,"9":0,"10":0},"f":{"0":0},"b":{"0":[0,0],"1":[0,0]}}
,"C:\\Users\\vitin\\.gemini\\antigravity\\playground\\ruby-opportunity\\Camugere_repo\\api\\src\\Controller\\Biblliotecario\\createBibliotecarioController.js": {"path":"C:\\Users\\vitin\\.gemini\\antigravity\\playground\\ruby-opportunity\\Camugere_repo\\api\\src\\Controller\\Biblliotecario\\createBibliotecarioController.js","statementMap":{"0":{"start":{"line":5,"column":4},"end":{"line":31,"column":5}},"1":{"start":{"line":6,"column":30},"end":{"line":6,"column":38}},"2":{"start":{"line":8,"column":24},"end":{"line":8,"column":70}},"3":{"start":{"line":10,"column":8},"end":{"line":12,"column":9}},"4":{"start":{"line":11,"column":12},"end":{"line":11,"column":55}},"5":{"start":{"line":14,"column":23},"end":{"line":14,"column":63}},"6":{"start":{"line":16,"column":8},"end":{"line":18,"column":9}},"7":{"start":{"line":17,"column":12},"end":{"line":17,"column":64}},"8":{"start":{"line":20,"column":8},"end":{"line":24,"column":10}},"9":{"start":{"line":27,"column":8},"end":{"line":30,"column":10}}},"fnMap":{"0":{"name":"createBibliotecarioController","decl":{"start":{"line":4,"column":30},"end":{"line":4,"column":59}},"loc":{"start":{"line":4,"column":70},"end":{"line":33,"column":1}},"line":4}},"branchMap":{"0":{"loc":{"start":{"line":10,"column":8},"end":{"line":12,"column":9}},"type":"if","locations":[{"start":{"line":10,"column":8},"end":{"line":12,"column":9}},{"start":{},"end":{}}],"line":10},"1":{"loc":{"start":{"line":16,"column":8},"end":{"line":18,"column":9}},"type":"if","locations":[{"start":{"line":16,"column":8},"end":{"line":18,"column":9}},{"start":{},"end":{}}],"line":16}},"s":{"0":0,"1":0,"2":0,"3":0,"4":0,"5":0,"6":0,"7":0,"8":0,"9":0},"f":{"0":0},"b":{"0":[0,0],"1":[0,0]}}
,"C:\\Users\\vitin\\.gemini\\antigravity\\playground\\ruby-opportunity\\Camugere_repo\\api\\src\\Controller\\Biblliotecario\\deleteBibliotecarioController.js": {"path":"C:\\Users\\vitin\\.gemini\\antigravity\\playground\\ruby-opportunity\\Camugere_repo\\api\\src\\Controller\\Biblliotecario\\deleteBibliotecarioController.js","statementMap":{"0":{"start":{"line":4,"column":4},"end":{"line":22,"column":5}},"1":{"start":{"line":5,"column":23},"end":{"line":5,"column":33}},"2":{"start":{"line":7,"column":23},"end":{"line":7,"column":52}},"3":{"start":{"line":9,"column":8},"end":{"line":11,"column":9}},"4":{"start":{"line":10,"column":12},"end":{"line":10,"column":72}},"5":{"start":{"line":13,"column":8},"end":{"line":16,"column":10}},"6":{"start":{"line":18,"column":8},"end":{"line":21,"column":10}}},"fnMap":{"0":{"name":"deleteBibliotecarioController","decl":{"start":{"line":3,"column":30},"end":{"line":3,"column":59}},"loc":{"start":{"line":3,"column":70},"end":{"line":23,"column":1}},"line":3}},"branchMap":{"0":{"loc":{"start":{"line":9,"column":8},"end":{"line":11,"column":9}},"type":"if","locations":[{"start":{"line":9,"column":8},"end":{"line":11,"column":9}},{"start":{},"end":{}}],"line":9}},"s":{"0":0,"1":0,"2":0,"3":0,"4":0,"5":0,"6":0},"f":{"0":0},"b":{"0":[0,0]}}
,"C:\\Users\\vitin\\.gemini\\antigravity\\playground\\ruby-opportunity\\Camugere_repo\\api\\src\\Controller\\Biblliotecario\\getBibliotecarioByIdController.js": {"path":"C:\\Users\\vitin\\.gemini\\antigravity\\playground\\ruby-opportunity\\Camugere_repo\\api\\src\\Controller\\Biblliotecario\\getBibliotecarioByIdController.js","statementMap":{"0":{"start":{"line":4,"column":4},"end":{"line":22,"column":5}},"1":{"start":{"line":5,"column":23},"end":{"line":5,"column":33}},"2":{"start":{"line":7,"column":23},"end":{"line":7,"column":54}},"3":{"start":{"line":9,"column":8},"end":{"line":11,"column":9}},"4":{"start":{"line":10,"column":12},"end":{"line":10,"column":74}},"5":{"start":{"line":13,"column":8},"end":{"line":16,"column":10}},"6":{"start":{"line":18,"column":8},"end":{"line":21,"column":10}}},"fnMap":{"0":{"name":"getBibliotecarioByIdController","decl":{"start":{"line":3,"column":30},"end":{"line":3,"column":60}},"loc":{"start":{"line":3,"column":71},"end":{"line":23,"column":1}},"line":3}},"branchMap":{"0":{"loc":{"start":{"line":9,"column":8},"end":{"line":11,"column":9}},"type":"if","locations":[{"start":{"line":9,"column":8},"end":{"line":11,"column":9}},{"start":{},"end":{}}],"line":9}},"s":{"0":0,"1":0,"2":0,"3":0,"4":0,"5":0,"6":0},"f":{"0":0},"b":{"0":[0,0]}}
,"C:\\Users\\vitin\\.gemini\\antigravity\\playground\\ruby-opportunity\\Camugere_repo\\api\\src\\Controller\\Biblliotecario\\listBibliotecarioController.js": {"path":"C:\\Users\\vitin\\.gemini\\antigravity\\playground\\ruby-opportunity\\Camugere_repo\\api\\src\\Controller\\Biblliotecario\\listBibliotecarioController.js","statementMap":{"0":{"start":{"line":4,"column":4},"end":{"line":20,"column":5}},"1":{"start":{"line":5,"column":23},"end":{"line":5,"column":48}},"2":{"start":{"line":7,"column":8},"end":{"line":9,"column":9}},"3":{"start":{"line":8,"column":12},"end":{"line":8,"column":72}},"4":{"start":{"line":11,"column":8},"end":{"line":14,"column":10}},"5":{"start":{"line":16,"column":8},"end":{"line":19,"column":10}}},"fnMap":{"0":{"name":"listBibliotecarioController","decl":{"start":{"line":3,"column":30},"end":{"line":3,"column":57}},"loc":{"start":{"line":3,"column":68},"end":{"line":22,"column":1}},"line":3}},"branchMap":{"0":{"loc":{"start":{"line":7,"column":8},"end":{"line":9,"column":9}},"type":"if","locations":[{"start":{"line":7,"column":8},"end":{"line":9,"column":9}},{"start":{},"end":{}}],"line":7}},"s":{"0":0,"1":0,"2":0,"3":0,"4":0,"5":0},"f":{"0":0},"b":{"0":[0,0]}}
,"C:\\Users\\vitin\\.gemini\\antigravity\\playground\\ruby-opportunity\\Camugere_repo\\api\\src\\Controller\\Cdd\\createCddController.js": {"path":"C:\\Users\\vitin\\.gemini\\antigravity\\playground\\ruby-opportunity\\Camugere_repo\\api\\src\\Controller\\Cdd\\createCddController.js","statementMap":{"0":{"start":{"line":5,"column":4},"end":{"line":29,"column":5}},"1":{"start":{"line":6,"column":20},"end":{"line":6,"column":28}},"2":{"start":{"line":8,"column":41},"end":{"line":8,"column":58}},"3":{"start":{"line":10,"column":8},"end":{"line":12,"column":9}},"4":{"start":{"line":11,"column":12},"end":{"line":11,"column":71}},"5":{"start":{"line":14,"column":23},"end":{"line":14,"column":43}},"6":{"start":{"line":16,"column":8},"end":{"line":18,"column":9}},"7":{"start":{"line":17,"column":12},"end":{"line":17,"column":60}},"8":{"start":{"line":20,"column":8},"end":{"line":23,"column":10}},"9":{"start":{"line":25,"column":8},"end":{"line":28,"column":10}}},"fnMap":{"0":{"name":"createCddController","decl":{"start":{"line":4,"column":30},"end":{"line":4,"column":49}},"loc":{"start":{"line":4,"column":60},"end":{"line":30,"column":1}},"line":4}},"branchMap":{"0":{"loc":{"start":{"line":10,"column":8},"end":{"line":12,"column":9}},"type":"if","locations":[{"start":{"line":10,"column":8},"end":{"line":12,"column":9}},{"start":{},"end":{}}],"line":10},"1":{"loc":{"start":{"line":16,"column":8},"end":{"line":18,"column":9}},"type":"if","locations":[{"start":{"line":16,"column":8},"end":{"line":18,"column":9}},{"start":{},"end":{}}],"line":16}},"s":{"0":0,"1":0,"2":0,"3":0,"4":0,"5":0,"6":0,"7":0,"8":0,"9":0},"f":{"0":0},"b":{"0":[0,0],"1":[0,0]}}
,"C:\\Users\\vitin\\.gemini\\antigravity\\playground\\ruby-opportunity\\Camugere_repo\\api\\src\\Controller\\Cdd\\deleteCddController.js": {"path":"C:\\Users\\vitin\\.gemini\\antigravity\\playground\\ruby-opportunity\\Camugere_repo\\api\\src\\Controller\\Cdd\\deleteCddController.js","statementMap":{"0":{"start":{"line":4,"column":4},"end":{"line":22,"column":5}},"1":{"start":{"line":5,"column":23},"end":{"line":5,"column":33}},"2":{"start":{"line":7,"column":23},"end":{"line":7,"column":42}},"3":{"start":{"line":9,"column":8},"end":{"line":11,"column":9}},"4":{"start":{"line":10,"column":12},"end":{"line":10,"column":51}},"5":{"start":{"line":13,"column":8},"end":{"line":16,"column":10}},"6":{"start":{"line":18,"column":8},"end":{"line":21,"column":10}}},"fnMap":{"0":{"name":"deleteCddController","decl":{"start":{"line":3,"column":30},"end":{"line":3,"column":49}},"loc":{"start":{"line":3,"column":60},"end":{"line":23,"column":1}},"line":3}},"branchMap":{"0":{"loc":{"start":{"line":9,"column":8},"end":{"line":11,"column":9}},"type":"if","locations":[{"start":{"line":9,"column":8},"end":{"line":11,"column":9}},{"start":{},"end":{}}],"line":9}},"s":{"0":0,"1":0,"2":0,"3":0,"4":0,"5":0,"6":0},"f":{"0":0},"b":{"0":[0,0]}}
,"C:\\Users\\vitin\\.gemini\\antigravity\\playground\\ruby-opportunity\\Camugere_repo\\api\\src\\Controller\\Cdd\\getCddByIdController.js": {"path":"C:\\Users\\vitin\\.gemini\\antigravity\\playground\\ruby-opportunity\\Camugere_repo\\api\\src\\Controller\\Cdd\\getCddByIdController.js","statementMap":{"0":{"start":{"line":4,"column":4},"end":{"line":22,"column":5}},"1":{"start":{"line":5,"column":23},"end":{"line":5,"column":33}},"2":{"start":{"line":7,"column":20},"end":{"line":7,"column":40}},"3":{"start":{"line":9,"column":8},"end":{"line":11,"column":9}},"4":{"start":{"line":10,"column":12},"end":{"line":10,"column":51}},"5":{"start":{"line":13,"column":8},"end":{"line":16,"column":10}},"6":{"start":{"line":18,"column":8},"end":{"line":21,"column":10}}},"fnMap":{"0":{"name":"getCddByIdController","decl":{"start":{"line":3,"column":30},"end":{"line":3,"column":50}},"loc":{"start":{"line":3,"column":61},"end":{"line":23,"column":1}},"line":3}},"branchMap":{"0":{"loc":{"start":{"line":9,"column":8},"end":{"line":11,"column":9}},"type":"if","locations":[{"start":{"line":9,"column":8},"end":{"line":11,"column":9}},{"start":{},"end":{}}],"line":9}},"s":{"0":0,"1":0,"2":0,"3":0,"4":0,"5":0,"6":0},"f":{"0":0},"b":{"0":[0,0]}}
,"C:\\Users\\vitin\\.gemini\\antigravity\\playground\\ruby-opportunity\\Camugere_repo\\api\\src\\Controller\\Cdd\\listCddController.js": {"path":"C:\\Users\\vitin\\.gemini\\antigravity\\playground\\ruby-opportunity\\Camugere_repo\\api\\src\\Controller\\Cdd\\listCddController.js","statementMap":{"0":{"start":{"line":4,"column":4},"end":{"line":20,"column":5}},"1":{"start":{"line":5,"column":23},"end":{"line":5,"column":38}},"2":{"start":{"line":7,"column":8},"end":{"line":9,"column":9}},"3":{"start":{"line":8,"column":12},"end":{"line":8,"column":52}},"4":{"start":{"line":11,"column":8},"end":{"line":14,"column":10}},"5":{"start":{"line":16,"column":8},"end":{"line":19,"column":10}}},"fnMap":{"0":{"name":"listCddController","decl":{"start":{"line":3,"column":30},"end":{"line":3,"column":47}},"loc":{"start":{"line":3,"column":58},"end":{"line":21,"column":1}},"line":3}},"branchMap":{"0":{"loc":{"start":{"line":7,"column":8},"end":{"line":9,"column":9}},"type":"if","locations":[{"start":{"line":7,"column":8},"end":{"line":9,"column":9}},{"start":{},"end":{}}],"line":7}},"s":{"0":0,"1":0,"2":0,"3":0,"4":0,"5":0},"f":{"0":0},"b":{"0":[0,0]}}
,"C:\\Users\\vitin\\.gemini\\antigravity\\playground\\ruby-opportunity\\Camugere_repo\\api\\src\\Controller\\Cdd\\updateCddController.js": {"path":"C:\\Users\\vitin\\.gemini\\antigravity\\playground\\ruby-opportunity\\Camugere_repo\\api\\src\\Controller\\Cdd\\updateCddController.js","statementMap":{"0":{"start":{"line":5,"column":4},"end":{"line":30,"column":5}},"1":{"start":{"line":6,"column":23},"end":{"line":6,"column":33}},"2":{"start":{"line":7,"column":20},"end":{"line":7,"column":28}},"3":{"start":{"line":9,"column":41},"end":{"line":9,"column":64}},"4":{"start":{"line":11,"column":8},"end":{"line":13,"column":9}},"5":{"start":{"line":12,"column":12},"end":{"line":12,"column":69}},"6":{"start":{"line":15,"column":23},"end":{"line":15,"column":47}},"7":{"start":{"line":17,"column":8},"end":{"line":19,"column":9}},"8":{"start":{"line":18,"column":12},"end":{"line":18,"column":65}},"9":{"start":{"line":21,"column":8},"end":{"line":24,"column":10}},"10":{"start":{"line":26,"column":8},"end":{"line":29,"column":10}}},"fnMap":{"0":{"name":"updateCddController","decl":{"start":{"line":4,"column":30},"end":{"line":4,"column":49}},"loc":{"start":{"line":4,"column":60},"end":{"line":31,"column":1}},"line":4}},"branchMap":{"0":{"loc":{"start":{"line":11,"column":8},"end":{"line":13,"column":9}},"type":"if","locations":[{"start":{"line":11,"column":8},"end":{"line":13,"column":9}},{"start":{},"end":{}}],"line":11},"1":{"loc":{"start":{"line":17,"column":8},"end":{"line":19,"column":9}},"type":"if","locations":[{"start":{"line":17,"column":8},"end":{"line":19,"column":9}},{"start":{},"end":{}}],"line":17}},"s":{"0":0,"1":0,"2":0,"3":0,"4":0,"5":0,"6":0,"7":0,"8":0,"9":0,"10":0},"f":{"0":0},"b":{"0":[0,0],"1":[0,0]}}
,"C:\\Users\\vitin\\.gemini\\antigravity\\playground\\ruby-opportunity\\Camugere_repo\\api\\src\\Controller\\Emprestimo\\createEmprestimoController.js": {"path":"C:\\Users\\vitin\\.gemini\\antigravity\\playground\\ruby-opportunity\\Camugere_repo\\api\\src\\Controller\\Emprestimo\\createEmprestimoController.js","statementMap":{"0":{"start":{"line":5,"column":4},"end":{"line":29,"column":5}},"1":{"start":{"line":6,"column":27},"end":{"line":6,"column":35}},"2":{"start":{"line":8,"column":41},"end":{"line":8,"column":72}},"3":{"start":{"line":10,"column":8},"end":{"line":12,"column":9}},"4":{"start":{"line":11,"column":12},"end":{"line":11,"column":76}},"5":{"start":{"line":14,"column":23},"end":{"line":14,"column":57}},"6":{"start":{"line":16,"column":8},"end":{"line":18,"column":9}},"7":{"start":{"line":17,"column":12},"end":{"line":17,"column":67}},"8":{"start":{"line":20,"column":8},"end":{"line":23,"column":10}},"9":{"start":{"line":25,"column":8},"end":{"line":28,"column":10}}},"fnMap":{"0":{"name":"createEmprestimoController","decl":{"start":{"line":4,"column":30},"end":{"line":4,"column":56}},"loc":{"start":{"line":4,"column":67},"end":{"line":30,"column":1}},"line":4}},"branchMap":{"0":{"loc":{"start":{"line":10,"column":8},"end":{"line":12,"column":9}},"type":"if","locations":[{"start":{"line":10,"column":8},"end":{"line":12,"column":9}},{"start":{},"end":{}}],"line":10},"1":{"loc":{"start":{"line":16,"column":8},"end":{"line":18,"column":9}},"type":"if","locations":[{"start":{"line":16,"column":8},"end":{"line":18,"column":9}},{"start":{},"end":{}}],"line":16}},"s":{"0":0,"1":0,"2":0,"3":0,"4":0,"5":0,"6":0,"7":0,"8":0,"9":0},"f":{"0":0},"b":{"0":[0,0],"1":[0,0]}}
,"C:\\Users\\vitin\\.gemini\\antigravity\\playground\\ruby-opportunity\\Camugere_repo\\api\\src\\Controller\\Emprestimo\\deleteEmprestimoController.js": {"path":"C:\\Users\\vitin\\.gemini\\antigravity\\playground\\ruby-opportunity\\Camugere_repo\\api\\src\\Controller\\Emprestimo\\deleteEmprestimoController.js","statementMap":{"0":{"start":{"line":4,"column":4},"end":{"line":22,"column":5}},"1":{"start":{"line":5,"column":23},"end":{"line":5,"column":33}},"2":{"start":{"line":7,"column":23},"end":{"line":7,"column":44}},"3":{"start":{"line":9,"column":8},"end":{"line":11,"column":9}},"4":{"start":{"line":10,"column":12},"end":{"line":10,"column":69}},"5":{"start":{"line":13,"column":8},"end":{"line":16,"column":10}},"6":{"start":{"line":18,"column":8},"end":{"line":21,"column":10}}},"fnMap":{"0":{"name":"deleteEmprestimoController","decl":{"start":{"line":3,"column":24},"end":{"line":3,"column":50}},"loc":{"start":{"line":3,"column":61},"end":{"line":23,"column":1}},"line":3}},"branchMap":{"0":{"loc":{"start":{"line":9,"column":8},"end":{"line":11,"column":9}},"type":"if","locations":[{"start":{"line":9,"column":8},"end":{"line":11,"column":9}},{"start":{},"end":{}}],"line":9}},"s":{"0":0,"1":0,"2":0,"3":0,"4":0,"5":0,"6":0},"f":{"0":0},"b":{"0":[0,0]}}
,"C:\\Users\\vitin\\.gemini\\antigravity\\playground\\ruby-opportunity\\Camugere_repo\\api\\src\\Controller\\Emprestimo\\getEmprestimoByIdController.js": {"path":"C:\\Users\\vitin\\.gemini\\antigravity\\playground\\ruby-opportunity\\Camugere_repo\\api\\src\\Controller\\Emprestimo\\getEmprestimoByIdController.js","statementMap":{"0":{"start":{"line":4,"column":4},"end":{"line":22,"column":5}},"1":{"start":{"line":5,"column":23},"end":{"line":5,"column":33}},"2":{"start":{"line":7,"column":23},"end":{"line":7,"column":51}},"3":{"start":{"line":9,"column":8},"end":{"line":11,"column":9}},"4":{"start":{"line":10,"column":12},"end":{"line":10,"column":71}},"5":{"start":{"line":13,"column":8},"end":{"line":16,"column":10}},"6":{"start":{"line":18,"column":8},"end":{"line":21,"column":10}}},"fnMap":{"0":{"name":"getEmprestimoByIdController","decl":{"start":{"line":3,"column":30},"end":{"line":3,"column":57}},"loc":{"start":{"line":3,"column":68},"end":{"line":23,"column":1}},"line":3}},"branchMap":{"0":{"loc":{"start":{"line":9,"column":8},"end":{"line":11,"column":9}},"type":"if","locations":[{"start":{"line":9,"column":8},"end":{"line":11,"column":9}},{"start":{},"end":{}}],"line":9}},"s":{"0":0,"1":0,"2":0,"3":0,"4":0,"5":0,"6":0},"f":{"0":0},"b":{"0":[0,0]}}
,"C:\\Users\\vitin\\.gemini\\antigravity\\playground\\ruby-opportunity\\Camugere_repo\\api\\src\\Controller\\Emprestimo\\listEmprestimoController.js": {"path":"C:\\Users\\vitin\\.gemini\\antigravity\\playground\\ruby-opportunity\\Camugere_repo\\api\\src\\Controller\\Emprestimo\\listEmprestimoController.js","statementMap":{"0":{"start":{"line":4,"column":4},"end":{"line":20,"column":5}},"1":{"start":{"line":5,"column":23},"end":{"line":5,"column":45}},"2":{"start":{"line":7,"column":8},"end":{"line":9,"column":9}},"3":{"start":{"line":8,"column":12},"end":{"line":8,"column":70}},"4":{"start":{"line":11,"column":8},"end":{"line":14,"column":10}},"5":{"start":{"line":16,"column":8},"end":{"line":19,"column":10}}},"fnMap":{"0":{"name":"listEmprestimoController","decl":{"start":{"line":3,"column":30},"end":{"line":3,"column":54}},"loc":{"start":{"line":3,"column":65},"end":{"line":21,"column":1}},"line":3}},"branchMap":{"0":{"loc":{"start":{"line":7,"column":8},"end":{"line":9,"column":9}},"type":"if","locations":[{"start":{"line":7,"column":8},"end":{"line":9,"column":9}},{"start":{},"end":{}}],"line":7}},"s":{"0":0,"1":0,"2":0,"3":0,"4":0,"5":0},"f":{"0":0},"b":{"0":[0,0]}}
,"C:\\Users\\vitin\\.gemini\\antigravity\\playground\\ruby-opportunity\\Camugere_repo\\api\\src\\Controller\\Emprestimo\\updateEmprestimoController.js": {"path":"C:\\Users\\vitin\\.gemini\\antigravity\\playground\\ruby-opportunity\\Camugere_repo\\api\\src\\Controller\\Emprestimo\\updateEmprestimoController.js","statementMap":{"0":{"start":{"line":5,"column":4},"end":{"line":30,"column":5}},"1":{"start":{"line":6,"column":23},"end":{"line":6,"column":33}},"2":{"start":{"line":7,"column":27},"end":{"line":7,"column":35}},"3":{"start":{"line":9,"column":41},"end":{"line":9,"column":72}},"4":{"start":{"line":11,"column":8},"end":{"line":13,"column":9}},"5":{"start":{"line":12,"column":12},"end":{"line":12,"column":76}},"6":{"start":{"line":15,"column":23},"end":{"line":15,"column":62}},"7":{"start":{"line":17,"column":8},"end":{"line":19,"column":9}},"8":{"start":{"line":18,"column":12},"end":{"line":18,"column":71}},"9":{"start":{"line":21,"column":8},"end":{"line":24,"column":10}},"10":{"start":{"line":26,"column":8},"end":{"line":29,"column":10}}},"fnMap":{"0":{"name":"updateEmprestimoController","decl":{"start":{"line":4,"column":30},"end":{"line":4,"column":56}},"loc":{"start":{"line":4,"column":67},"end":{"line":31,"column":1}},"line":4}},"branchMap":{"0":{"loc":{"start":{"line":11,"column":8},"end":{"line":13,"column":9}},"type":"if","locations":[{"start":{"line":11,"column":8},"end":{"line":13,"column":9}},{"start":{},"end":{}}],"line":11},"1":{"loc":{"start":{"line":17,"column":8},"end":{"line":19,"column":9}},"type":"if","locations":[{"start":{"line":17,"column":8},"end":{"line":19,"column":9}},{"start":{},"end":{}}],"line":17}},"s":{"0":0,"1":0,"2":0,"3":0,"4":0,"5":0,"6":0,"7":0,"8":0,"9":0,"10":0},"f":{"0":0},"b":{"0":[0,0],"1":[0,0]}}
,"C:\\Users\\vitin\\.gemini\\antigravity\\playground\\ruby-opportunity\\Camugere_repo\\api\\src\\Controller\\Exemplar\\createExemplarController.js": {"path":"C:\\Users\\vitin\\.gemini\\antigravity\\playground\\ruby-opportunity\\Camugere_repo\\api\\src\\Controller\\Exemplar\\createExemplarController.js","statementMap":{"0":{"start":{"line":5,"column":4},"end":{"line":29,"column":5}},"1":{"start":{"line":6,"column":25},"end":{"line":6,"column":33}},"2":{"start":{"line":8,"column":41},"end":{"line":8,"column":68}},"3":{"start":{"line":10,"column":8},"end":{"line":12,"column":9}},"4":{"start":{"line":11,"column":12},"end":{"line":11,"column":76}},"5":{"start":{"line":14,"column":23},"end":{"line":14,"column":53}},"6":{"start":{"line":16,"column":8},"end":{"line":18,"column":9}},"7":{"start":{"line":17,"column":12},"end":{"line":17,"column":65}},"8":{"start":{"line":20,"column":8},"end":{"line":23,"column":10}},"9":{"start":{"line":25,"column":8},"end":{"line":28,"column":10}}},"fnMap":{"0":{"name":"createExemplarController","decl":{"start":{"line":4,"column":30},"end":{"line":4,"column":54}},"loc":{"start":{"line":4,"column":65},"end":{"line":30,"column":1}},"line":4}},"branchMap":{"0":{"loc":{"start":{"line":10,"column":8},"end":{"line":12,"column":9}},"type":"if","locations":[{"start":{"line":10,"column":8},"end":{"line":12,"column":9}},{"start":{},"end":{}}],"line":10},"1":{"loc":{"start":{"line":16,"column":8},"end":{"line":18,"column":9}},"type":"if","locations":[{"start":{"line":16,"column":8},"end":{"line":18,"column":9}},{"start":{},"end":{}}],"line":16}},"s":{"0":0,"1":0,"2":0,"3":0,"4":0,"5":0,"6":0,"7":0,"8":0,"9":0},"f":{"0":0},"b":{"0":[0,0],"1":[0,0]}}
,"C:\\Users\\vitin\\.gemini\\antigravity\\playground\\ruby-opportunity\\Camugere_repo\\api\\src\\Controller\\Exemplar\\deleteExemplarController.js": {"path":"C:\\Users\\vitin\\.gemini\\antigravity\\playground\\ruby-opportunity\\Camugere_repo\\api\\src\\Controller\\Exemplar\\deleteExemplarController.js","statementMap":{"0":{"start":{"line":4,"column":4},"end":{"line":22,"column":5}},"1":{"start":{"line":5,"column":23},"end":{"line":5,"column":33}},"2":{"start":{"line":7,"column":23},"end":{"line":7,"column":48}},"3":{"start":{"line":9,"column":8},"end":{"line":11,"column":9}},"4":{"start":{"line":10,"column":12},"end":{"line":10,"column":67}},"5":{"start":{"line":13,"column":8},"end":{"line":16,"column":10}},"6":{"start":{"line":18,"column":8},"end":{"line":21,"column":10}}},"fnMap":{"0":{"name":"getExemplarByIdController","decl":{"start":{"line":3,"column":30},"end":{"line":3,"column":55}},"loc":{"start":{"line":3,"column":66},"end":{"line":23,"column":1}},"line":3}},"branchMap":{"0":{"loc":{"start":{"line":9,"column":8},"end":{"line":11,"column":9}},"type":"if","locations":[{"start":{"line":9,"column":8},"end":{"line":11,"column":9}},{"start":{},"end":{}}],"line":9}},"s":{"0":0,"1":0,"2":0,"3":0,"4":0,"5":0,"6":0},"f":{"0":0},"b":{"0":[0,0]}}
,"C:\\Users\\vitin\\.gemini\\antigravity\\playground\\ruby-opportunity\\Camugere_repo\\api\\src\\Controller\\Exemplar\\getExemplarByIdController.js": {"path":"C:\\Users\\vitin\\.gemini\\antigravity\\playground\\ruby-opportunity\\Camugere_repo\\api\\src\\Controller\\Exemplar\\getExemplarByIdController.js","statementMap":{"0":{"start":{"line":4,"column":4},"end":{"line":22,"column":5}},"1":{"start":{"line":5,"column":23},"end":{"line":5,"column":33}},"2":{"start":{"line":7,"column":23},"end":{"line":7,"column":49}},"3":{"start":{"line":9,"column":8},"end":{"line":11,"column":9}},"4":{"start":{"line":10,"column":12},"end":{"line":10,"column":69}},"5":{"start":{"line":13,"column":8},"end":{"line":16,"column":10}},"6":{"start":{"line":18,"column":8},"end":{"line":21,"column":10}}},"fnMap":{"0":{"name":"getExemplarByIdController","decl":{"start":{"line":3,"column":30},"end":{"line":3,"column":55}},"loc":{"start":{"line":3,"column":66},"end":{"line":23,"column":1}},"line":3}},"branchMap":{"0":{"loc":{"start":{"line":9,"column":8},"end":{"line":11,"column":9}},"type":"if","locations":[{"start":{"line":9,"column":8},"end":{"line":11,"column":9}},{"start":{},"end":{}}],"line":9}},"s":{"0":0,"1":0,"2":0,"3":0,"4":0,"5":0,"6":0},"f":{"0":0},"b":{"0":[0,0]}}
,"C:\\Users\\vitin\\.gemini\\antigravity\\playground\\ruby-opportunity\\Camugere_repo\\api\\src\\Controller\\Exemplar\\listExemplarController.js": {"path":"C:\\Users\\vitin\\.gemini\\antigravity\\playground\\ruby-opportunity\\Camugere_repo\\api\\src\\Controller\\Exemplar\\listExemplarController.js","statementMap":{"0":{"start":{"line":4,"column":4},"end":{"line":20,"column":5}},"1":{"start":{"line":5,"column":23},"end":{"line":5,"column":43}},"2":{"start":{"line":7,"column":8},"end":{"line":9,"column":9}},"3":{"start":{"line":8,"column":12},"end":{"line":8,"column":68}},"4":{"start":{"line":11,"column":8},"end":{"line":14,"column":10}},"5":{"start":{"line":16,"column":8},"end":{"line":19,"column":10}}},"fnMap":{"0":{"name":"listExemplarController","decl":{"start":{"line":3,"column":30},"end":{"line":3,"column":52}},"loc":{"start":{"line":3,"column":63},"end":{"line":21,"column":1}},"line":3}},"branchMap":{"0":{"loc":{"start":{"line":7,"column":8},"end":{"line":9,"column":9}},"type":"if","locations":[{"start":{"line":7,"column":8},"end":{"line":9,"column":9}},{"start":{},"end":{}}],"line":7}},"s":{"0":0,"1":0,"2":0,"3":0,"4":0,"5":0},"f":{"0":0},"b":{"0":[0,0]}}
,"C:\\Users\\vitin\\.gemini\\antigravity\\playground\\ruby-opportunity\\Camugere_repo\\api\\src\\Controller\\Exemplar\\updateExemplarController.js": {"path":"C:\\Users\\vitin\\.gemini\\antigravity\\playground\\ruby-opportunity\\Camugere_repo\\api\\src\\Controller\\Exemplar\\updateExemplarController.js","statementMap":{"0":{"start":{"line":5,"column":4},"end":{"line":30,"column":5}},"1":{"start":{"line":6,"column":23},"end":{"line":6,"column":33}},"2":{"start":{"line":7,"column":25},"end":{"line":7,"column":33}},"3":{"start":{"line":9,"column":41},"end":{"line":9,"column":68}},"4":{"start":{"line":11,"column":8},"end":{"line":13,"column":9}},"5":{"start":{"line":12,"column":12},"end":{"line":12,"column":74}},"6":{"start":{"line":15,"column":23},"end":{"line":15,"column":58}},"7":{"start":{"line":17,"column":8},"end":{"line":19,"column":9}},"8":{"start":{"line":18,"column":12},"end":{"line":18,"column":69}},"9":{"start":{"line":21,"column":8},"end":{"line":24,"column":10}},"10":{"start":{"line":26,"column":8},"end":{"line":29,"column":10}}},"fnMap":{"0":{"name":"updateExemplarController","decl":{"start":{"line":4,"column":30},"end":{"line":4,"column":54}},"loc":{"start":{"line":4,"column":65},"end":{"line":31,"column":1}},"line":4}},"branchMap":{"0":{"loc":{"start":{"line":11,"column":8},"end":{"line":13,"column":9}},"type":"if","locations":[{"start":{"line":11,"column":8},"end":{"line":13,"column":9}},{"start":{},"end":{}}],"line":11},"1":{"loc":{"start":{"line":17,"column":8},"end":{"line":19,"column":9}},"type":"if","locations":[{"start":{"line":17,"column":8},"end":{"line":19,"column":9}},{"start":{},"end":{}}],"line":17}},"s":{"0":0,"1":0,"2":0,"3":0,"4":0,"5":0,"6":0,"7":0,"8":0,"9":0,"10":0},"f":{"0":0},"b":{"0":[0,0],"1":[0,0]}}
,"C:\\Users\\vitin\\.gemini\\antigravity\\playground\\ruby-opportunity\\Camugere_repo\\api\\src\\Controller\\Leitor\\createLeitorController.js": {"path":"C:\\Users\\vitin\\.gemini\\antigravity\\playground\\ruby-opportunity\\Camugere_repo\\api\\src\\Controller\\Leitor\\createLeitorController.js","statementMap":{"0":{"start":{"line":7,"column":4},"end":{"line":44,"column":5}},"1":{"start":{"line":8,"column":23},"end":{"line":8,"column":31}},"2":{"start":{"line":9,"column":41},"end":{"line":9,"column":70}},"3":{"start":{"line":11,"column":8},"end":{"line":13,"column":9}},"4":{"start":{"line":12,"column":12},"end":{"line":12,"column":72}},"5":{"start":{"line":15,"column":24},"end":{"line":15,"column":63}},"6":{"start":{"line":17,"column":8},"end":{"line":19,"column":9}},"7":{"start":{"line":18,"column":12},"end":{"line":18,"column":55}},"8":{"start":{"line":21,"column":29},"end":{"line":21,"column":51}},"9":{"start":{"line":23,"column":8},"end":{"line":25,"column":9}},"10":{"start":{"line":24,"column":12},"end":{"line":24,"column":59}},"11":{"start":{"line":27,"column":23},"end":{"line":27,"column":49}},"12":{"start":{"line":29,"column":8},"end":{"line":31,"column":9}},"13":{"start":{"line":30,"column":12},"end":{"line":30,"column":61}},"14":{"start":{"line":33,"column":8},"end":{"line":37,"column":10}},"15":{"start":{"line":40,"column":8},"end":{"line":43,"column":10}}},"fnMap":{"0":{"name":"createLeitorController","decl":{"start":{"line":6,"column":30},"end":{"line":6,"column":52}},"loc":{"start":{"line":6,"column":63},"end":{"line":45,"column":1}},"line":6}},"branchMap":{"0":{"loc":{"start":{"line":11,"column":8},"end":{"line":13,"column":9}},"type":"if","locations":[{"start":{"line":11,"column":8},"end":{"line":13,"column":9}},{"start":{},"end":{}}],"line":11},"1":{"loc":{"start":{"line":17,"column":8},"end":{"line":19,"column":9}},"type":"if","locations":[{"start":{"line":17,"column":8},"end":{"line":19,"column":9}},{"start":{},"end":{}}],"line":17},"2":{"loc":{"start":{"line":23,"column":8},"end":{"line":25,"column":9}},"type":"if","locations":[{"start":{"line":23,"column":8},"end":{"line":25,"column":9}},{"start":{},"end":{}}],"line":23},"3":{"loc":{"start":{"line":29,"column":8},"end":{"line":31,"column":9}},"type":"if","locations":[{"start":{"line":29,"column":8},"end":{"line":31,"column":9}},{"start":{},"end":{}}],"line":29}},"s":{"0":0,"1":0,"2":0,"3":0,"4":0,"5":0,"6":0,"7":0,"8":0,"9":0,"10":0,"11":0,"12":0,"13":0,"14":0,"15":0},"f":{"0":0},"b":{"0":[0,0],"1":[0,0],"2":[0,0],"3":[0,0]}}
,"C:\\Users\\vitin\\.gemini\\antigravity\\playground\\ruby-opportunity\\Camugere_repo\\api\\src\\Controller\\Leitor\\deleteLeitorController.js": {"path":"C:\\Users\\vitin\\.gemini\\antigravity\\playground\\ruby-opportunity\\Camugere_repo\\api\\src\\Controller\\Leitor\\deleteLeitorController.js","statementMap":{"0":{"start":{"line":4,"column":4},"end":{"line":22,"column":5}},"1":{"start":{"line":5,"column":23},"end":{"line":5,"column":33}},"2":{"start":{"line":7,"column":23},"end":{"line":7,"column":46}},"3":{"start":{"line":9,"column":8},"end":{"line":11,"column":9}},"4":{"start":{"line":10,"column":12},"end":{"line":10,"column":65}},"5":{"start":{"line":13,"column":8},"end":{"line":16,"column":10}},"6":{"start":{"line":18,"column":8},"end":{"line":21,"column":10}}},"fnMap":{"0":{"name":"deleteLeitorController","decl":{"start":{"line":3,"column":30},"end":{"line":3,"column":52}},"loc":{"start":{"line":3,"column":63},"end":{"line":23,"column":1}},"line":3}},"branchMap":{"0":{"loc":{"start":{"line":9,"column":8},"end":{"line":11,"column":9}},"type":"if","locations":[{"start":{"line":9,"column":8},"end":{"line":11,"column":9}},{"start":{},"end":{}}],"line":9}},"s":{"0":0,"1":0,"2":0,"3":0,"4":0,"5":0,"6":0},"f":{"0":0},"b":{"0":[0,0]}}
,"C:\\Users\\vitin\\.gemini\\antigravity\\playground\\ruby-opportunity\\Camugere_repo\\api\\src\\Controller\\Leitor\\getLeitorByIdController.js": {"path":"C:\\Users\\vitin\\.gemini\\antigravity\\playground\\ruby-opportunity\\Camugere_repo\\api\\src\\Controller\\Leitor\\getLeitorByIdController.js","statementMap":{"0":{"start":{"line":5,"column":4},"end":{"line":30,"column":5}},"1":{"start":{"line":6,"column":23},"end":{"line":6,"column":33}},"2":{"start":{"line":8,"column":23},"end":{"line":8,"column":47}},"3":{"start":{"line":10,"column":8},"end":{"line":12,"column":9}},"4":{"start":{"line":11,"column":12},"end":{"line":11,"column":53}},"5":{"start":{"line":14,"column":24},"end":{"line":14,"column":63}},"6":{"start":{"line":16,"column":8},"end":{"line":18,"column":9}},"7":{"start":{"line":17,"column":12},"end":{"line":17,"column":64}},"8":{"start":{"line":20,"column":8},"end":{"line":24,"column":10}},"9":{"start":{"line":26,"column":8},"end":{"line":29,"column":10}}},"fnMap":{"0":{"name":"getLeitorByIdController","decl":{"start":{"line":4,"column":30},"end":{"line":4,"column":53}},"loc":{"start":{"line":4,"column":64},"end":{"line":31,"column":1}},"line":4}},"branchMap":{"0":{"loc":{"start":{"line":10,"column":8},"end":{"line":12,"column":9}},"type":"if","locations":[{"start":{"line":10,"column":8},"end":{"line":12,"column":9}},{"start":{},"end":{}}],"line":10},"1":{"loc":{"start":{"line":16,"column":8},"end":{"line":18,"column":9}},"type":"if","locations":[{"start":{"line":16,"column":8},"end":{"line":18,"column":9}},{"start":{},"end":{}}],"line":16}},"s":{"0":0,"1":0,"2":0,"3":0,"4":0,"5":0,"6":0,"7":0,"8":0,"9":0},"f":{"0":0},"b":{"0":[0,0],"1":[0,0]}}
,"C:\\Users\\vitin\\.gemini\\antigravity\\playground\\ruby-opportunity\\Camugere_repo\\api\\src\\Controller\\Leitor\\listLeitorController.js": {"path":"C:\\Users\\vitin\\.gemini\\antigravity\\playground\\ruby-opportunity\\Camugere_repo\\api\\src\\Controller\\Leitor\\listLeitorController.js","statementMap":{"0":{"start":{"line":4,"column":4},"end":{"line":20,"column":5}},"1":{"start":{"line":5,"column":23},"end":{"line":5,"column":41}},"2":{"start":{"line":7,"column":8},"end":{"line":9,"column":9}},"3":{"start":{"line":8,"column":12},"end":{"line":8,"column":67}},"4":{"start":{"line":11,"column":8},"end":{"line":14,"column":10}},"5":{"start":{"line":16,"column":8},"end":{"line":19,"column":10}}},"fnMap":{"0":{"name":"listLeitorController","decl":{"start":{"line":3,"column":30},"end":{"line":3,"column":50}},"loc":{"start":{"line":3,"column":61},"end":{"line":21,"column":1}},"line":3}},"branchMap":{"0":{"loc":{"start":{"line":7,"column":8},"end":{"line":9,"column":9}},"type":"if","locations":[{"start":{"line":7,"column":8},"end":{"line":9,"column":9}},{"start":{},"end":{}}],"line":7}},"s":{"0":0,"1":0,"2":0,"3":0,"4":0,"5":0},"f":{"0":0},"b":{"0":[0,0]}}
,"C:\\Users\\vitin\\.gemini\\antigravity\\playground\\ruby-opportunity\\Camugere_repo\\api\\src\\Controller\\Leitor\\updateLeitorController.js": {"path":"C:\\Users\\vitin\\.gemini\\antigravity\\playground\\ruby-opportunity\\Camugere_repo\\api\\src\\Controller\\Leitor\\updateLeitorController.js","statementMap":{"0":{"start":{"line":7,"column":4},"end":{"line":39,"column":5}},"1":{"start":{"line":8,"column":23},"end":{"line":8,"column":33}},"2":{"start":{"line":9,"column":23},"end":{"line":9,"column":31}},"3":{"start":{"line":11,"column":41},"end":{"line":11,"column":70}},"4":{"start":{"line":13,"column":8},"end":{"line":15,"column":9}},"5":{"start":{"line":14,"column":12},"end":{"line":14,"column":72}},"6":{"start":{"line":17,"column":29},"end":{"line":17,"column":51}},"7":{"start":{"line":19,"column":8},"end":{"line":21,"column":9}},"8":{"start":{"line":20,"column":12},"end":{"line":20,"column":59}},"9":{"start":{"line":23,"column":23},"end":{"line":23,"column":54}},"10":{"start":{"line":25,"column":8},"end":{"line":27,"column":9}},"11":{"start":{"line":26,"column":12},"end":{"line":26,"column":65}},"12":{"start":{"line":29,"column":8},"end":{"line":32,"column":10}},"13":{"start":{"line":35,"column":8},"end":{"line":38,"column":10}}},"fnMap":{"0":{"name":"updateLeitorController","decl":{"start":{"line":6,"column":30},"end":{"line":6,"column":52}},"loc":{"start":{"line":6,"column":63},"end":{"line":40,"column":1}},"line":6}},"branchMap":{"0":{"loc":{"start":{"line":13,"column":8},"end":{"line":15,"column":9}},"type":"if","locations":[{"start":{"line":13,"column":8},"end":{"line":15,"column":9}},{"start":{},"end":{}}],"line":13},"1":{"loc":{"start":{"line":19,"column":8},"end":{"line":21,"column":9}},"type":"if","locations":[{"start":{"line":19,"column":8},"end":{"line":21,"column":9}},{"start":{},"end":{}}],"line":19},"2":{"loc":{"start":{"line":25,"column":8},"end":{"line":27,"column":9}},"type":"if","locations":[{"start":{"line":25,"column":8},"end":{"line":27,"column":9}},{"start":{},"end":{}}],"line":25}},"s":{"0":0,"1":0,"2":0,"3":0,"4":0,"5":0,"6":0,"7":0,"8":0,"9":0,"10":0,"11":0,"12":0,"13":0},"f":{"0":0},"b":{"0":[0,0],"1":[0,0],"2":[0,0]}}
,"C:\\Users\\vitin\\.gemini\\antigravity\\playground\\ruby-opportunity\\Camugere_repo\\api\\src\\Controller\\Obra\\createObraController.js": {"path":"C:\\Users\\vitin\\.gemini\\antigravity\\playground\\ruby-opportunity\\Camugere_repo\\api\\src\\Controller\\Obra\\createObraController.js","statementMap":{"0":{"start":{"line":5,"column":4},"end":{"line":29,"column":5}},"1":{"start":{"line":6,"column":21},"end":{"line":6,"column":29}},"2":{"start":{"line":8,"column":41},"end":{"line":8,"column":66}},"3":{"start":{"line":10,"column":8},"end":{"line":12,"column":9}},"4":{"start":{"line":11,"column":12},"end":{"line":11,"column":88}},"5":{"start":{"line":14,"column":23},"end":{"line":14,"column":45}},"6":{"start":{"line":16,"column":8},"end":{"line":18,"column":9}},"7":{"start":{"line":17,"column":12},"end":{"line":17,"column":61}},"8":{"start":{"line":20,"column":8},"end":{"line":23,"column":10}},"9":{"start":{"line":25,"column":8},"end":{"line":28,"column":10}}},"fnMap":{"0":{"name":"createObraController","decl":{"start":{"line":4,"column":30},"end":{"line":4,"column":50}},"loc":{"start":{"line":4,"column":61},"end":{"line":31,"column":1}},"line":4}},"branchMap":{"0":{"loc":{"start":{"line":10,"column":8},"end":{"line":12,"column":9}},"type":"if","locations":[{"start":{"line":10,"column":8},"end":{"line":12,"column":9}},{"start":{},"end":{}}],"line":10},"1":{"loc":{"start":{"line":16,"column":8},"end":{"line":18,"column":9}},"type":"if","locations":[{"start":{"line":16,"column":8},"end":{"line":18,"column":9}},{"start":{},"end":{}}],"line":16}},"s":{"0":0,"1":0,"2":0,"3":0,"4":0,"5":0,"6":0,"7":0,"8":0,"9":0},"f":{"0":0},"b":{"0":[0,0],"1":[0,0]}}
,"C:\\Users\\vitin\\.gemini\\antigravity\\playground\\ruby-opportunity\\Camugere_repo\\api\\src\\Controller\\Obra\\deleteObraController.js": {"path":"C:\\Users\\vitin\\.gemini\\antigravity\\playground\\ruby-opportunity\\Camugere_repo\\api\\src\\Controller\\Obra\\deleteObraController.js","statementMap":{"0":{"start":{"line":4,"column":4},"end":{"line":22,"column":5}},"1":{"start":{"line":5,"column":23},"end":{"line":5,"column":33}},"2":{"start":{"line":7,"column":23},"end":{"line":7,"column":43}},"3":{"start":{"line":9,"column":8},"end":{"line":11,"column":9}},"4":{"start":{"line":10,"column":12},"end":{"line":10,"column":63}},"5":{"start":{"line":13,"column":8},"end":{"line":16,"column":10}},"6":{"start":{"line":18,"column":8},"end":{"line":21,"column":10}}},"fnMap":{"0":{"name":"deleteObraController","decl":{"start":{"line":3,"column":30},"end":{"line":3,"column":50}},"loc":{"start":{"line":3,"column":61},"end":{"line":23,"column":1}},"line":3}},"branchMap":{"0":{"loc":{"start":{"line":9,"column":8},"end":{"line":11,"column":9}},"type":"if","locations":[{"start":{"line":9,"column":8},"end":{"line":11,"column":9}},{"start":{},"end":{}}],"line":9}},"s":{"0":0,"1":0,"2":0,"3":0,"4":0,"5":0,"6":0},"f":{"0":0},"b":{"0":[0,0]}}
,"C:\\Users\\vitin\\.gemini\\antigravity\\playground\\ruby-opportunity\\Camugere_repo\\api\\src\\Controller\\Obra\\getObraByIdController.js": {"path":"C:\\Users\\vitin\\.gemini\\antigravity\\playground\\ruby-opportunity\\Camugere_repo\\api\\src\\Controller\\Obra\\getObraByIdController.js","statementMap":{"0":{"start":{"line":4,"column":4},"end":{"line":22,"column":5}},"1":{"start":{"line":5,"column":23},"end":{"line":5,"column":33}},"2":{"start":{"line":7,"column":23},"end":{"line":7,"column":45}},"3":{"start":{"line":9,"column":8},"end":{"line":11,"column":9}},"4":{"start":{"line":10,"column":12},"end":{"line":10,"column":65}},"5":{"start":{"line":13,"column":8},"end":{"line":16,"column":10}},"6":{"start":{"line":18,"column":8},"end":{"line":21,"column":10}}},"fnMap":{"0":{"name":"getObraByIdController","decl":{"start":{"line":3,"column":30},"end":{"line":3,"column":51}},"loc":{"start":{"line":3,"column":62},"end":{"line":23,"column":1}},"line":3}},"branchMap":{"0":{"loc":{"start":{"line":9,"column":8},"end":{"line":11,"column":9}},"type":"if","locations":[{"start":{"line":9,"column":8},"end":{"line":11,"column":9}},{"start":{},"end":{}}],"line":9}},"s":{"0":0,"1":0,"2":0,"3":0,"4":0,"5":0,"6":0},"f":{"0":0},"b":{"0":[0,0]}}
,"C:\\Users\\vitin\\.gemini\\antigravity\\playground\\ruby-opportunity\\Camugere_repo\\api\\src\\Controller\\Obra\\listObraController.js": {"path":"C:\\Users\\vitin\\.gemini\\antigravity\\playground\\ruby-opportunity\\Camugere_repo\\api\\src\\Controller\\Obra\\listObraController.js","statementMap":{"0":{"start":{"line":4,"column":4},"end":{"line":20,"column":5}},"1":{"start":{"line":5,"column":23},"end":{"line":5,"column":39}},"2":{"start":{"line":7,"column":8},"end":{"line":9,"column":9}},"3":{"start":{"line":8,"column":12},"end":{"line":8,"column":64}},"4":{"start":{"line":11,"column":8},"end":{"line":14,"column":10}},"5":{"start":{"line":16,"column":8},"end":{"line":19,"column":10}}},"fnMap":{"0":{"name":"listObraController","decl":{"start":{"line":3,"column":30},"end":{"line":3,"column":48}},"loc":{"start":{"line":3,"column":59},"end":{"line":21,"column":1}},"line":3}},"branchMap":{"0":{"loc":{"start":{"line":7,"column":8},"end":{"line":9,"column":9}},"type":"if","locations":[{"start":{"line":7,"column":8},"end":{"line":9,"column":9}},{"start":{},"end":{}}],"line":7}},"s":{"0":0,"1":0,"2":0,"3":0,"4":0,"5":0},"f":{"0":0},"b":{"0":[0,0]}}
,"C:\\Users\\vitin\\.gemini\\antigravity\\playground\\ruby-opportunity\\Camugere_repo\\api\\src\\Controller\\Obra\\updateObraController.js": {"path":"C:\\Users\\vitin\\.gemini\\antigravity\\playground\\ruby-opportunity\\Camugere_repo\\api\\src\\Controller\\Obra\\updateObraController.js","statementMap":{"0":{"start":{"line":5,"column":4},"end":{"line":30,"column":5}},"1":{"start":{"line":6,"column":23},"end":{"line":6,"column":33}},"2":{"start":{"line":7,"column":21},"end":{"line":7,"column":29}},"3":{"start":{"line":9,"column":41},"end":{"line":9,"column":66}},"4":{"start":{"line":11,"column":8},"end":{"line":13,"column":9}},"5":{"start":{"line":12,"column":12},"end":{"line":12,"column":72}},"6":{"start":{"line":15,"column":23},"end":{"line":15,"column":50}},"7":{"start":{"line":17,"column":8},"end":{"line":19,"column":9}},"8":{"start":{"line":18,"column":12},"end":{"line":18,"column":65}},"9":{"start":{"line":21,"column":8},"end":{"line":24,"column":10}},"10":{"start":{"line":26,"column":8},"end":{"line":29,"column":10}}},"fnMap":{"0":{"name":"updateObraController","decl":{"start":{"line":4,"column":30},"end":{"line":4,"column":50}},"loc":{"start":{"line":4,"column":61},"end":{"line":31,"column":1}},"line":4}},"branchMap":{"0":{"loc":{"start":{"line":11,"column":8},"end":{"line":13,"column":9}},"type":"if","locations":[{"start":{"line":11,"column":8},"end":{"line":13,"column":9}},{"start":{},"end":{}}],"line":11},"1":{"loc":{"start":{"line":17,"column":8},"end":{"line":19,"column":9}},"type":"if","locations":[{"start":{"line":17,"column":8},"end":{"line":19,"column":9}},{"start":{},"end":{}}],"line":17}},"s":{"0":0,"1":0,"2":0,"3":0,"4":0,"5":0,"6":0,"7":0,"8":0,"9":0,"10":0},"f":{"0":0},"b":{"0":[0,0],"1":[0,0]}}
,"C:\\Users\\vitin\\.gemini\\antigravity\\playground\\ruby-opportunity\\Camugere_repo\\api\\src\\Controller\\ObraAutor\\createObraAutorController.js": {"path":"C:\\Users\\vitin\\.gemini\\antigravity\\playground\\ruby-opportunity\\Camugere_repo\\api\\src\\Controller\\ObraAutor\\createObraAutorController.js","statementMap":{"0":{"start":{"line":4,"column":4},"end":{"line":22,"column":5}},"1":{"start":{"line":5,"column":26},"end":{"line":5,"column":34}},"2":{"start":{"line":7,"column":23},"end":{"line":7,"column":55}},"3":{"start":{"line":9,"column":8},"end":{"line":11,"column":9}},"4":{"start":{"line":10,"column":12},"end":{"line":10,"column":63}},"5":{"start":{"line":13,"column":8},"end":{"line":16,"column":10}},"6":{"start":{"line":18,"column":8},"end":{"line":21,"column":10}}},"fnMap":{"0":{"name":"createObraAutorController","decl":{"start":{"line":3,"column":30},"end":{"line":3,"column":55}},"loc":{"start":{"line":3,"column":66},"end":{"line":23,"column":1}},"line":3}},"branchMap":{"0":{"loc":{"start":{"line":9,"column":8},"end":{"line":11,"column":9}},"type":"if","locations":[{"start":{"line":9,"column":8},"end":{"line":11,"column":9}},{"start":{},"end":{}}],"line":9}},"s":{"0":0,"1":0,"2":0,"3":0,"4":0,"5":0,"6":0},"f":{"0":0},"b":{"0":[0,0]}}
,"C:\\Users\\vitin\\.gemini\\antigravity\\playground\\ruby-opportunity\\Camugere_repo\\api\\src\\Controller\\ObraAutor\\deleteObraAutorController.js": {"path":"C:\\Users\\vitin\\.gemini\\antigravity\\playground\\ruby-opportunity\\Camugere_repo\\api\\src\\Controller\\ObraAutor\\deleteObraAutorController.js","statementMap":{"0":{"start":{"line":4,"column":4},"end":{"line":22,"column":5}},"1":{"start":{"line":5,"column":38},"end":{"line":5,"column":48}},"2":{"start":{"line":7,"column":23},"end":{"line":7,"column":63}},"3":{"start":{"line":9,"column":8},"end":{"line":11,"column":9}},"4":{"start":{"line":10,"column":12},"end":{"line":10,"column":63}},"5":{"start":{"line":13,"column":8},"end":{"line":16,"column":10}},"6":{"start":{"line":18,"column":8},"end":{"line":21,"column":10}}},"fnMap":{"0":{"name":"deleteObraAutorController","decl":{"start":{"line":3,"column":30},"end":{"line":3,"column":55}},"loc":{"start":{"line":3,"column":66},"end":{"line":24,"column":1}},"line":3}},"branchMap":{"0":{"loc":{"start":{"line":9,"column":8},"end":{"line":11,"column":9}},"type":"if","locations":[{"start":{"line":9,"column":8},"end":{"line":11,"column":9}},{"start":{},"end":{}}],"line":9}},"s":{"0":0,"1":0,"2":0,"3":0,"4":0,"5":0,"6":0},"f":{"0":0},"b":{"0":[0,0]}}
,"C:\\Users\\vitin\\.gemini\\antigravity\\playground\\ruby-opportunity\\Camugere_repo\\api\\src\\Controller\\ObraAutor\\getObraAutorByIdAutorController.js": {"path":"C:\\Users\\vitin\\.gemini\\antigravity\\playground\\ruby-opportunity\\Camugere_repo\\api\\src\\Controller\\ObraAutor\\getObraAutorByIdAutorController.js","statementMap":{"0":{"start":{"line":4,"column":4},"end":{"line":22,"column":5}},"1":{"start":{"line":5,"column":29},"end":{"line":5,"column":39}},"2":{"start":{"line":7,"column":23},"end":{"line":7,"column":61}},"3":{"start":{"line":9,"column":8},"end":{"line":11,"column":9}},"4":{"start":{"line":10,"column":12},"end":{"line":10,"column":63}},"5":{"start":{"line":13,"column":8},"end":{"line":16,"column":10}},"6":{"start":{"line":18,"column":8},"end":{"line":21,"column":10}}},"fnMap":{"0":{"name":"getObraAutorByIdAutorController","decl":{"start":{"line":3,"column":30},"end":{"line":3,"column":61}},"loc":{"start":{"line":3,"column":72},"end":{"line":24,"column":1}},"line":3}},"branchMap":{"0":{"loc":{"start":{"line":9,"column":8},"end":{"line":11,"column":9}},"type":"if","locations":[{"start":{"line":9,"column":8},"end":{"line":11,"column":9}},{"start":{},"end":{}}],"line":9}},"s":{"0":0,"1":0,"2":0,"3":0,"4":0,"5":0,"6":0},"f":{"0":0},"b":{"0":[0,0]}}
,"C:\\Users\\vitin\\.gemini\\antigravity\\playground\\ruby-opportunity\\Camugere_repo\\api\\src\\Controller\\ObraAutor\\getObraAutorByIdObraController.js": {"path":"C:\\Users\\vitin\\.gemini\\antigravity\\playground\\ruby-opportunity\\Camugere_repo\\api\\src\\Controller\\ObraAutor\\getObraAutorByIdObraController.js","statementMap":{"0":{"start":{"line":4,"column":4},"end":{"line":22,"column":5}},"1":{"start":{"line":5,"column":28},"end":{"line":5,"column":38}},"2":{"start":{"line":7,"column":23},"end":{"line":7,"column":60}},"3":{"start":{"line":9,"column":8},"end":{"line":11,"column":9}},"4":{"start":{"line":10,"column":12},"end":{"line":10,"column":63}},"5":{"start":{"line":13,"column":8},"end":{"line":16,"column":10}},"6":{"start":{"line":18,"column":8},"end":{"line":21,"column":10}}},"fnMap":{"0":{"name":"getObraAutorByIdObraController","decl":{"start":{"line":3,"column":30},"end":{"line":3,"column":60}},"loc":{"start":{"line":3,"column":71},"end":{"line":24,"column":1}},"line":3}},"branchMap":{"0":{"loc":{"start":{"line":9,"column":8},"end":{"line":11,"column":9}},"type":"if","locations":[{"start":{"line":9,"column":8},"end":{"line":11,"column":9}},{"start":{},"end":{}}],"line":9}},"s":{"0":0,"1":0,"2":0,"3":0,"4":0,"5":0,"6":0},"f":{"0":0},"b":{"0":[0,0]}}
,"C:\\Users\\vitin\\.gemini\\antigravity\\playground\\ruby-opportunity\\Camugere_repo\\api\\src\\Controller\\ObraAutor\\listObraAutorController.js": {"path":"C:\\Users\\vitin\\.gemini\\antigravity\\playground\\ruby-opportunity\\Camugere_repo\\api\\src\\Controller\\ObraAutor\\listObraAutorController.js","statementMap":{"0":{"start":{"line":4,"column":4},"end":{"line":20,"column":5}},"1":{"start":{"line":5,"column":23},"end":{"line":5,"column":44}},"2":{"start":{"line":7,"column":8},"end":{"line":9,"column":9}},"3":{"start":{"line":8,"column":12},"end":{"line":8,"column":61}},"4":{"start":{"line":11,"column":8},"end":{"line":14,"column":10}},"5":{"start":{"line":16,"column":8},"end":{"line":19,"column":10}}},"fnMap":{"0":{"name":"listObraAutorController","decl":{"start":{"line":3,"column":30},"end":{"line":3,"column":53}},"loc":{"start":{"line":3,"column":64},"end":{"line":21,"column":1}},"line":3}},"branchMap":{"0":{"loc":{"start":{"line":7,"column":8},"end":{"line":9,"column":9}},"type":"if","locations":[{"start":{"line":7,"column":8},"end":{"line":9,"column":9}},{"start":{},"end":{}}],"line":7}},"s":{"0":0,"1":0,"2":0,"3":0,"4":0,"5":0},"f":{"0":0},"b":{"0":[0,0]}}
,"C:\\Users\\vitin\\.gemini\\antigravity\\playground\\ruby-opportunity\\Camugere_repo\\api\\src\\Controller\\Usuario\\authenticateUsuarioController.js": {"path":"C:\\Users\\vitin\\.gemini\\antigravity\\playground\\ruby-opportunity\\Camugere_repo\\api\\src\\Controller\\Usuario\\authenticateUsuarioController.js","statementMap":{"0":{"start":{"line":8,"column":4},"end":{"line":49,"column":5}},"1":{"start":{"line":9,"column":32},"end":{"line":9,"column":40}},"2":{"start":{"line":11,"column":41},"end":{"line":11,"column":86}},"3":{"start":{"line":13,"column":8},"end":{"line":15,"column":9}},"4":{"start":{"line":14,"column":12},"end":{"line":14,"column":56}},"5":{"start":{"line":17,"column":24},"end":{"line":17,"column":54}},"6":{"start":{"line":19,"column":8},"end":{"line":21,"column":9}},"7":{"start":{"line":20,"column":12},"end":{"line":20,"column":79}},"8":{"start":{"line":23,"column":28},"end":{"line":23,"column":68}},"9":{"start":{"line":24,"column":8},"end":{"line":26,"column":9}},"10":{"start":{"line":25,"column":12},"end":{"line":25,"column":60}},"11":{"start":{"line":28,"column":30},"end":{"line":28,"column":75}},"12":{"start":{"line":30,"column":8},"end":{"line":32,"column":9}},"13":{"start":{"line":31,"column":12},"end":{"line":31,"column":72}},"14":{"start":{"line":34,"column":28},"end":{"line":37,"column":54}},"15":{"start":{"line":39,"column":8},"end":{"line":42,"column":10}},"16":{"start":{"line":45,"column":8},"end":{"line":48,"column":10}}},"fnMap":{"0":{"name":"authenticateUsuarioBibliotecarioController","decl":{"start":{"line":7,"column":30},"end":{"line":7,"column":72}},"loc":{"start":{"line":7,"column":82},"end":{"line":50,"column":1}},"line":7}},"branchMap":{"0":{"loc":{"start":{"line":13,"column":8},"end":{"line":15,"column":9}},"type":"if","locations":[{"start":{"line":13,"column":8},"end":{"line":15,"column":9}},{"start":{},"end":{}}],"line":13},"1":{"loc":{"start":{"line":19,"column":8},"end":{"line":21,"column":9}},"type":"if","locations":[{"start":{"line":19,"column":8},"end":{"line":21,"column":9}},{"start":{},"end":{}}],"line":19},"2":{"loc":{"start":{"line":24,"column":8},"end":{"line":26,"column":9}},"type":"if","locations":[{"start":{"line":24,"column":8},"end":{"line":26,"column":9}},{"start":{},"end":{}}],"line":24},"3":{"loc":{"start":{"line":30,"column":8},"end":{"line":32,"column":9}},"type":"if","locations":[{"start":{"line":30,"column":8},"end":{"line":32,"column":9}},{"start":{},"end":{}}],"line":30}},"s":{"0":0,"1":0,"2":0,"3":0,"4":0,"5":0,"6":0,"7":0,"8":0,"9":0,"10":0,"11":0,"12":0,"13":0,"14":0,"15":0,"16":0},"f":{"0":0},"b":{"0":[0,0],"1":[0,0],"2":[0,0],"3":[0,0]}}
,"C:\\Users\\vitin\\.gemini\\antigravity\\playground\\ruby-opportunity\\Camugere_repo\\api\\src\\Controller\\Usuario\\createUsuarioController.js": {"path":"C:\\Users\\vitin\\.gemini\\antigravity\\playground\\ruby-opportunity\\Camugere_repo\\api\\src\\Controller\\Usuario\\createUsuarioController.js","statementMap":{"0":{"start":{"line":5,"column":4},"end":{"line":29,"column":5}},"1":{"start":{"line":6,"column":24},"end":{"line":6,"column":32}},"2":{"start":{"line":7,"column":41},"end":{"line":7,"column":72}},"3":{"start":{"line":9,"column":8},"end":{"line":11,"column":9}},"4":{"start":{"line":10,"column":12},"end":{"line":10,"column":73}},"5":{"start":{"line":13,"column":23},"end":{"line":13,"column":45}},"6":{"start":{"line":15,"column":8},"end":{"line":17,"column":9}},"7":{"start":{"line":16,"column":12},"end":{"line":16,"column":62}},"8":{"start":{"line":19,"column":8},"end":{"line":22,"column":10}},"9":{"start":{"line":25,"column":8},"end":{"line":28,"column":10}}},"fnMap":{"0":{"name":"createUsuarioController","decl":{"start":{"line":4,"column":30},"end":{"line":4,"column":53}},"loc":{"start":{"line":4,"column":64},"end":{"line":31,"column":1}},"line":4}},"branchMap":{"0":{"loc":{"start":{"line":9,"column":8},"end":{"line":11,"column":9}},"type":"if","locations":[{"start":{"line":9,"column":8},"end":{"line":11,"column":9}},{"start":{},"end":{}}],"line":9},"1":{"loc":{"start":{"line":15,"column":8},"end":{"line":17,"column":9}},"type":"if","locations":[{"start":{"line":15,"column":8},"end":{"line":17,"column":9}},{"start":{},"end":{}}],"line":15}},"s":{"0":0,"1":0,"2":0,"3":0,"4":0,"5":0,"6":0,"7":0,"8":0,"9":0},"f":{"0":0},"b":{"0":[0,0],"1":[0,0]}}
,"C:\\Users\\vitin\\.gemini\\antigravity\\playground\\ruby-opportunity\\Camugere_repo\\api\\src\\Controller\\Usuario\\deleteUsuarioController.js": {"path":"C:\\Users\\vitin\\.gemini\\antigravity\\playground\\ruby-opportunity\\Camugere_repo\\api\\src\\Controller\\Usuario\\deleteUsuarioController.js","statementMap":{"0":{"start":{"line":4,"column":4},"end":{"line":22,"column":5}},"1":{"start":{"line":5,"column":21},"end":{"line":5,"column":31}},"2":{"start":{"line":7,"column":23},"end":{"line":7,"column":47}},"3":{"start":{"line":9,"column":8},"end":{"line":11,"column":9}},"4":{"start":{"line":10,"column":12},"end":{"line":10,"column":64}},"5":{"start":{"line":13,"column":8},"end":{"line":16,"column":10}},"6":{"start":{"line":18,"column":8},"end":{"line":21,"column":10}}},"fnMap":{"0":{"name":"deleteUsuarioController","decl":{"start":{"line":3,"column":30},"end":{"line":3,"column":53}},"loc":{"start":{"line":3,"column":64},"end":{"line":24,"column":1}},"line":3}},"branchMap":{"0":{"loc":{"start":{"line":9,"column":8},"end":{"line":11,"column":9}},"type":"if","locations":[{"start":{"line":9,"column":8},"end":{"line":11,"column":9}},{"start":{},"end":{}}],"line":9}},"s":{"0":0,"1":0,"2":0,"3":0,"4":0,"5":0,"6":0},"f":{"0":0},"b":{"0":[0,0]}}
,"C:\\Users\\vitin\\.gemini\\antigravity\\playground\\ruby-opportunity\\Camugere_repo\\api\\src\\Controller\\Usuario\\getUsuarioByIdController.js": {"path":"C:\\Users\\vitin\\.gemini\\antigravity\\playground\\ruby-opportunity\\Camugere_repo\\api\\src\\Controller\\Usuario\\getUsuarioByIdController.js","statementMap":{"0":{"start":{"line":4,"column":4},"end":{"line":22,"column":5}},"1":{"start":{"line":5,"column":21},"end":{"line":5,"column":31}},"2":{"start":{"line":7,"column":23},"end":{"line":7,"column":48}},"3":{"start":{"line":9,"column":8},"end":{"line":11,"column":9}},"4":{"start":{"line":10,"column":12},"end":{"line":10,"column":63}},"5":{"start":{"line":13,"column":8},"end":{"line":16,"column":10}},"6":{"start":{"line":18,"column":8},"end":{"line":21,"column":10}}},"fnMap":{"0":{"name":"getUsuarioByIdController","decl":{"start":{"line":3,"column":30},"end":{"line":3,"column":54}},"loc":{"start":{"line":3,"column":65},"end":{"line":23,"column":1}},"line":3}},"branchMap":{"0":{"loc":{"start":{"line":9,"column":8},"end":{"line":11,"column":9}},"type":"if","locations":[{"start":{"line":9,"column":8},"end":{"line":11,"column":9}},{"start":{},"end":{}}],"line":9}},"s":{"0":0,"1":0,"2":0,"3":0,"4":0,"5":0,"6":0},"f":{"0":0},"b":{"0":[0,0]}}
,"C:\\Users\\vitin\\.gemini\\antigravity\\playground\\ruby-opportunity\\Camugere_repo\\api\\src\\Controller\\Usuario\\listUsuarioController.js": {"path":"C:\\Users\\vitin\\.gemini\\antigravity\\playground\\ruby-opportunity\\Camugere_repo\\api\\src\\Controller\\Usuario\\listUsuarioController.js","statementMap":{"0":{"start":{"line":4,"column":4},"end":{"line":20,"column":5}},"1":{"start":{"line":5,"column":23},"end":{"line":5,"column":42}},"2":{"start":{"line":7,"column":8},"end":{"line":9,"column":9}},"3":{"start":{"line":8,"column":12},"end":{"line":8,"column":63}},"4":{"start":{"line":11,"column":8},"end":{"line":14,"column":10}},"5":{"start":{"line":16,"column":8},"end":{"line":19,"column":10}}},"fnMap":{"0":{"name":"listUsuarioController","decl":{"start":{"line":3,"column":30},"end":{"line":3,"column":51}},"loc":{"start":{"line":3,"column":62},"end":{"line":21,"column":1}},"line":3}},"branchMap":{"0":{"loc":{"start":{"line":7,"column":8},"end":{"line":9,"column":9}},"type":"if","locations":[{"start":{"line":7,"column":8},"end":{"line":9,"column":9}},{"start":{},"end":{}}],"line":7}},"s":{"0":0,"1":0,"2":0,"3":0,"4":0,"5":0},"f":{"0":0},"b":{"0":[0,0]}}
,"C:\\Users\\vitin\\.gemini\\antigravity\\playground\\ruby-opportunity\\Camugere_repo\\api\\src\\Controller\\Usuario\\updateUsuarioController.js": {"path":"C:\\Users\\vitin\\.gemini\\antigravity\\playground\\ruby-opportunity\\Camugere_repo\\api\\src\\Controller\\Usuario\\updateUsuarioController.js","statementMap":{"0":{"start":{"line":5,"column":4},"end":{"line":31,"column":5}},"1":{"start":{"line":6,"column":21},"end":{"line":6,"column":31}},"2":{"start":{"line":7,"column":24},"end":{"line":7,"column":32}},"3":{"start":{"line":9,"column":41},"end":{"line":9,"column":66}},"4":{"start":{"line":11,"column":8},"end":{"line":13,"column":9}},"5":{"start":{"line":12,"column":12},"end":{"line":12,"column":73}},"6":{"start":{"line":15,"column":23},"end":{"line":15,"column":56}},"7":{"start":{"line":17,"column":8},"end":{"line":19,"column":9}},"8":{"start":{"line":18,"column":12},"end":{"line":18,"column":66}},"9":{"start":{"line":21,"column":8},"end":{"line":24,"column":10}},"10":{"start":{"line":27,"column":8},"end":{"line":30,"column":10}}},"fnMap":{"0":{"name":"updateUsuarioController","decl":{"start":{"line":4,"column":30},"end":{"line":4,"column":53}},"loc":{"start":{"line":4,"column":64},"end":{"line":32,"column":1}},"line":4}},"branchMap":{"0":{"loc":{"start":{"line":11,"column":8},"end":{"line":13,"column":9}},"type":"if","locations":[{"start":{"line":11,"column":8},"end":{"line":13,"column":9}},{"start":{},"end":{}}],"line":11},"1":{"loc":{"start":{"line":17,"column":8},"end":{"line":19,"column":9}},"type":"if","locations":[{"start":{"line":17,"column":8},"end":{"line":19,"column":9}},{"start":{},"end":{}}],"line":17}},"s":{"0":0,"1":0,"2":0,"3":0,"4":0,"5":0,"6":0,"7":0,"8":0,"9":0,"10":0},"f":{"0":0},"b":{"0":[0,0],"1":[0,0]}}
,"C:\\Users\\vitin\\.gemini\\antigravity\\playground\\ruby-opportunity\\Camugere_repo\\api\\src\\Model\\AutorModel.js": {"path":"C:\\Users\\vitin\\.gemini\\antigravity\\playground\\ruby-opportunity\\Camugere_repo\\api\\src\\Model\\AutorModel.js","statementMap":{"0":{"start":{"line":4,"column":15},"end":{"line":4,"column":33}},"1":{"start":{"line":6,"column":20},"end":{"line":11,"column":2}},"2":{"start":{"line":13,"column":30},"end":{"line":19,"column":1}},"3":{"start":{"line":14,"column":4},"end":{"line":16,"column":5}},"4":{"start":{"line":15,"column":8},"end":{"line":15,"column":60}},"5":{"start":{"line":18,"column":4},"end":{"line":18,"column":39}},"6":{"start":{"line":22,"column":19},"end":{"line":28,"column":6}},"7":{"start":{"line":30,"column":4},"end":{"line":30,"column":17}},"8":{"start":{"line":34,"column":19},"end":{"line":39,"column":6}},"9":{"start":{"line":41,"column":4},"end":{"line":41,"column":17}},"10":{"start":{"line":45,"column":19},"end":{"line":53,"column":6}},"11":{"start":{"line":55,"column":4},"end":{"line":55,"column":17}},"12":{"start":{"line":59,"column":19},"end":{"line":66,"column":6}},"13":{"start":{"line":68,"column":4},"end":{"line":68,"column":17}},"14":{"start":{"line":72,"column":19},"end":{"line":81,"column":6}},"15":{"start":{"line":83,"column":4},"end":{"line":83,"column":17}}},"fnMap":{"0":{"name":"(anonymous_0)","decl":{"start":{"line":13,"column":30},"end":{"line":13,"column":31}},"loc":{"start":{"line":13,"column":57},"end":{"line":19,"column":1}},"line":13},"1":{"name":"createAutor","decl":{"start":{"line":21,"column":22},"end":{"line":21,"column":33}},"loc":{"start":{"line":21,"column":41},"end":{"line":31,"column":1}},"line":21},"2":{"name":"listAutor","decl":{"start":{"line":33,"column":22},"end":{"line":33,"column":31}},"loc":{"start":{"line":33,"column":34},"end":{"line":42,"column":1}},"line":33},"3":{"name":"getAutorById","decl":{"start":{"line":44,"column":22},"end":{"line":44,"column":34}},"loc":{"start":{"line":44,"column":39},"end":{"line":56,"column":1}},"line":44},"4":{"name":"deleteAutor","decl":{"start":{"line":58,"column":22},"end":{"line":58,"column":33}},"loc":{"start":{"line":58,"column":38},"end":{"line":69,"column":1}},"line":58},"5":{"name":"updateAutor","decl":{"start":{"line":71,"column":22},"end":{"line":71,"column":33}},"loc":{"start":{"line":71,"column":45},"end":{"line":84,"column":1}},"line":71}},"branchMap":{"0":{"loc":{"start":{"line":13,"column":38},"end":{"line":13,"column":52}},"type":"default-arg","locations":[{"start":{"line":13,"column":48},"end":{"line":13,"column":52}}],"line":13},"1":{"loc":{"start":{"line":14,"column":4},"end":{"line":16,"column":5}},"type":"if","locations":[{"start":{"line":14,"column":4},"end":{"line":16,"column":5}},{"start":{},"end":{}}],"line":14}},"s":{"0":0,"1":0,"2":0,"3":0,"4":0,"5":0,"6":0,"7":0,"8":0,"9":0,"10":0,"11":0,"12":0,"13":0,"14":0,"15":0},"f":{"0":0,"1":0,"2":0,"3":0,"4":0,"5":0},"b":{"0":[0],"1":[0,0]}}
,"C:\\Users\\vitin\\.gemini\\antigravity\\playground\\ruby-opportunity\\Camugere_repo\\api\\src\\Model\\BibliotecarioModel.js": {"path":"C:\\Users\\vitin\\.gemini\\antigravity\\playground\\ruby-opportunity\\Camugere_repo\\api\\src\\Model\\BibliotecarioModel.js","statementMap":{"0":{"start":{"line":3,"column":15},"end":{"line":3,"column":33}},"1":{"start":{"line":6,"column":19},"end":{"line":12,"column":6}},"2":{"start":{"line":14,"column":4},"end":{"line":14,"column":17}},"3":{"start":{"line":18,"column":19},"end":{"line":23,"column":6}},"4":{"start":{"line":25,"column":4},"end":{"line":25,"column":17}},"5":{"start":{"line":29,"column":19},"end":{"line":36,"column":6}},"6":{"start":{"line":38,"column":4},"end":{"line":38,"column":17}},"7":{"start":{"line":42,"column":19},"end":{"line":49,"column":6}},"8":{"start":{"line":51,"column":4},"end":{"line":51,"column":17}}},"fnMap":{"0":{"name":"createBibliotecario","decl":{"start":{"line":5,"column":22},"end":{"line":5,"column":41}},"loc":{"start":{"line":5,"column":53},"end":{"line":15,"column":1}},"line":5},"1":{"name":"listBibliotecario","decl":{"start":{"line":17,"column":22},"end":{"line":17,"column":39}},"loc":{"start":{"line":17,"column":42},"end":{"line":26,"column":1}},"line":17},"2":{"name":"getBibliotecarioById","decl":{"start":{"line":28,"column":22},"end":{"line":28,"column":42}},"loc":{"start":{"line":28,"column":47},"end":{"line":39,"column":1}},"line":28},"3":{"name":"deleteBibliotecario","decl":{"start":{"line":41,"column":22},"end":{"line":41,"column":41}},"loc":{"start":{"line":41,"column":46},"end":{"line":52,"column":1}},"line":41}},"branchMap":{},"s":{"0":0,"1":0,"2":0,"3":0,"4":0,"5":0,"6":0,"7":0,"8":0},"f":{"0":0,"1":0,"2":0,"3":0},"b":{}}
,"C:\\Users\\vitin\\.gemini\\antigravity\\playground\\ruby-opportunity\\Camugere_repo\\api\\src\\Model\\CddModel.js": {"path":"C:\\Users\\vitin\\.gemini\\antigravity\\playground\\ruby-opportunity\\Camugere_repo\\api\\src\\Model\\CddModel.js","statementMap":{"0":{"start":{"line":4,"column":15},"end":{"line":4,"column":33}},"1":{"start":{"line":6,"column":18},"end":{"line":11,"column":2}},"2":{"start":{"line":13,"column":28},"end":{"line":19,"column":1}},"3":{"start":{"line":14,"column":4},"end":{"line":16,"column":5}},"4":{"start":{"line":15,"column":8},"end":{"line":15,"column":56}},"5":{"start":{"line":18,"column":4},"end":{"line":18,"column":35}},"6":{"start":{"line":22,"column":19},"end":{"line":28,"column":6}},"7":{"start":{"line":30,"column":4},"end":{"line":30,"column":17}},"8":{"start":{"line":34,"column":19},"end":{"line":39,"column":6}},"9":{"start":{"line":41,"column":4},"end":{"line":41,"column":17}},"10":{"start":{"line":45,"column":19},"end":{"line":53,"column":6}},"11":{"start":{"line":55,"column":4},"end":{"line":55,"column":17}},"12":{"start":{"line":59,"column":19},"end":{"line":67,"column":6}},"13":{"start":{"line":69,"column":4},"end":{"line":69,"column":17}},"14":{"start":{"line":73,"column":19},"end":{"line":82,"column":6}},"15":{"start":{"line":84,"column":4},"end":{"line":84,"column":17}}},"fnMap":{"0":{"name":"(anonymous_0)","decl":{"start":{"line":13,"column":28},"end":{"line":13,"column":29}},"loc":{"start":{"line":13,"column":53},"end":{"line":19,"column":1}},"line":13},"1":{"name":"createCdd","decl":{"start":{"line":21,"column":22},"end":{"line":21,"column":31}},"loc":{"start":{"line":21,"column":37},"end":{"line":31,"column":1}},"line":21},"2":{"name":"listCdd","decl":{"start":{"line":33,"column":22},"end":{"line":33,"column":29}},"loc":{"start":{"line":33,"column":32},"end":{"line":42,"column":1}},"line":33},"3":{"name":"getCddById","decl":{"start":{"line":44,"column":22},"end":{"line":44,"column":32}},"loc":{"start":{"line":44,"column":37},"end":{"line":56,"column":1}},"line":44},"4":{"name":"deleteCdd","decl":{"start":{"line":58,"column":22},"end":{"line":58,"column":31}},"loc":{"start":{"line":58,"column":36},"end":{"line":70,"column":1}},"line":58},"5":{"name":"updateCdd","decl":{"start":{"line":72,"column":22},"end":{"line":72,"column":31}},"loc":{"start":{"line":72,"column":41},"end":{"line":85,"column":1}},"line":72}},"branchMap":{"0":{"loc":{"start":{"line":13,"column":34},"end":{"line":13,"column":48}},"type":"default-arg","locations":[{"start":{"line":13,"column":44},"end":{"line":13,"column":48}}],"line":13},"1":{"loc":{"start":{"line":14,"column":4},"end":{"line":16,"column":5}},"type":"if","locations":[{"start":{"line":14,"column":4},"end":{"line":16,"column":5}},{"start":{},"end":{}}],"line":14}},"s":{"0":1,"1":1,"2":1,"3":0,"4":0,"5":0,"6":0,"7":0,"8":1,"9":1,"10":0,"11":0,"12":0,"13":0,"14":0,"15":0},"f":{"0":0,"1":0,"2":1,"3":0,"4":0,"5":0},"b":{"0":[0],"1":[0,0]},"_coverageSchema":"1a1c01bbd47fc00a2c39e90264f33305004495a9","hash":"ea326f00326bf05aa695e3b39b3e1ca3b4c400a5"}
,"C:\\Users\\vitin\\.gemini\\antigravity\\playground\\ruby-opportunity\\Camugere_repo\\api\\src\\Model\\EmprestimoModel.js": {"path":"C:\\Users\\vitin\\.gemini\\antigravity\\playground\\ruby-opportunity\\Camugere_repo\\api\\src\\Model\\EmprestimoModel.js","statementMap":{"0":{"start":{"line":5,"column":15},"end":{"line":5,"column":33}},"1":{"start":{"line":7,"column":25},"end":{"line":19,"column":2}},"2":{"start":{"line":11,"column":19},"end":{"line":11,"column":29}},"3":{"start":{"line":21,"column":35},"end":{"line":27,"column":1}},"4":{"start":{"line":22,"column":4},"end":{"line":24,"column":5}},"5":{"start":{"line":23,"column":8},"end":{"line":23,"column":70}},"6":{"start":{"line":26,"column":4},"end":{"line":26,"column":49}},"7":{"start":{"line":30,"column":64},"end":{"line":30,"column":74}},"8":{"start":{"line":32,"column":19},"end":{"line":46,"column":6}},"9":{"start":{"line":48,"column":4},"end":{"line":48,"column":17}},"10":{"start":{"line":52,"column":19},"end":{"line":60,"column":6}},"11":{"start":{"line":62,"column":4},"end":{"line":62,"column":17}},"12":{"start":{"line":66,"column":19},"end":{"line":76,"column":6}},"13":{"start":{"line":78,"column":4},"end":{"line":78,"column":17}},"14":{"start":{"line":82,"column":19},"end":{"line":92,"column":6}},"15":{"start":{"line":94,"column":4},"end":{"line":94,"column":17}},"16":{"start":{"line":98,"column":19},"end":{"line":110,"column":6}},"17":{"start":{"line":112,"column":4},"end":{"line":112,"column":17}}},"fnMap":{"0":{"name":"(anonymous_0)","decl":{"start":{"line":11,"column":13},"end":{"line":11,"column":14}},"loc":{"start":{"line":11,"column":19},"end":{"line":11,"column":29}},"line":11},"1":{"name":"(anonymous_1)","decl":{"start":{"line":21,"column":35},"end":{"line":21,"column":36}},"loc":{"start":{"line":21,"column":67},"end":{"line":27,"column":1}},"line":21},"2":{"name":"createEmprestimo","decl":{"start":{"line":29,"column":22},"end":{"line":29,"column":38}},"loc":{"start":{"line":29,"column":51},"end":{"line":49,"column":1}},"line":29},"3":{"name":"listEmprestimo","decl":{"start":{"line":51,"column":22},"end":{"line":51,"column":36}},"loc":{"start":{"line":51,"column":39},"end":{"line":63,"column":1}},"line":51},"4":{"name":"getEmprestimoById","decl":{"start":{"line":65,"column":22},"end":{"line":65,"column":39}},"loc":{"start":{"line":65,"column":44},"end":{"line":79,"column":1}},"line":65},"5":{"name":"deleteEmprestimo","decl":{"start":{"line":81,"column":22},"end":{"line":81,"column":38}},"loc":{"start":{"line":81,"column":43},"end":{"line":95,"column":1}},"line":81},"6":{"name":"updateEmprestimo","decl":{"start":{"line":97,"column":22},"end":{"line":97,"column":38}},"loc":{"start":{"line":97,"column":55},"end":{"line":113,"column":1}},"line":97}},"branchMap":{"0":{"loc":{"start":{"line":21,"column":48},"end":{"line":21,"column":62}},"type":"default-arg","locations":[{"start":{"line":21,"column":58},"end":{"line":21,"column":62}}],"line":21},"1":{"loc":{"start":{"line":22,"column":4},"end":{"line":24,"column":5}},"type":"if","locations":[{"start":{"line":22,"column":4},"end":{"line":24,"column":5}},{"start":{},"end":{}}],"line":22},"2":{"loc":{"start":{"line":37,"column":24},"end":{"line":37,"column":70}},"type":"cond-expr","locations":[{"start":{"line":37,"column":37},"end":{"line":37,"column":57}},{"start":{"line":37,"column":60},"end":{"line":37,"column":70}}],"line":37}},"s":{"0":0,"1":0,"2":0,"3":0,"4":0,"5":0,"6":0,"7":0,"8":0,"9":0,"10":0,"11":0,"12":0,"13":0,"14":0,"15":0,"16":0,"17":0},"f":{"0":0,"1":0,"2":0,"3":0,"4":0,"5":0,"6":0},"b":{"0":[0],"1":[0,0],"2":[0,0]}}
,"C:\\Users\\vitin\\.gemini\\antigravity\\playground\\ruby-opportunity\\Camugere_repo\\api\\src\\Model\\ExemplarModel.js": {"path":"C:\\Users\\vitin\\.gemini\\antigravity\\playground\\ruby-opportunity\\Camugere_repo\\api\\src\\Model\\ExemplarModel.js","statementMap":{"0":{"start":{"line":4,"column":15},"end":{"line":4,"column":33}},"1":{"start":{"line":6,"column":23},"end":{"line":13,"column":2}},"2":{"start":{"line":15,"column":33},"end":{"line":21,"column":1}},"3":{"start":{"line":16,"column":4},"end":{"line":18,"column":5}},"4":{"start":{"line":17,"column":8},"end":{"line":17,"column":66}},"5":{"start":{"line":20,"column":4},"end":{"line":20,"column":45}},"6":{"start":{"line":24,"column":19},"end":{"line":32,"column":6}},"7":{"start":{"line":34,"column":4},"end":{"line":34,"column":17}},"8":{"start":{"line":38,"column":19},"end":{"line":45,"column":6}},"9":{"start":{"line":47,"column":4},"end":{"line":47,"column":17}},"10":{"start":{"line":51,"column":19},"end":{"line":60,"column":6}},"11":{"start":{"line":62,"column":4},"end":{"line":62,"column":17}},"12":{"start":{"line":66,"column":19},"end":{"line":75,"column":6}},"13":{"start":{"line":77,"column":4},"end":{"line":77,"column":17}},"14":{"start":{"line":81,"column":19},"end":{"line":92,"column":6}},"15":{"start":{"line":94,"column":4},"end":{"line":94,"column":17}}},"fnMap":{"0":{"name":"(anonymous_0)","decl":{"start":{"line":15,"column":33},"end":{"line":15,"column":34}},"loc":{"start":{"line":15,"column":63},"end":{"line":21,"column":1}},"line":15},"1":{"name":"createExemplar","decl":{"start":{"line":23,"column":22},"end":{"line":23,"column":36}},"loc":{"start":{"line":23,"column":47},"end":{"line":35,"column":1}},"line":23},"2":{"name":"listExemplar","decl":{"start":{"line":37,"column":22},"end":{"line":37,"column":34}},"loc":{"start":{"line":37,"column":37},"end":{"line":48,"column":1}},"line":37},"3":{"name":"getExemplarById","decl":{"start":{"line":50,"column":22},"end":{"line":50,"column":37}},"loc":{"start":{"line":50,"column":42},"end":{"line":63,"column":1}},"line":50},"4":{"name":"deleteExemplar","decl":{"start":{"line":65,"column":22},"end":{"line":65,"column":36}},"loc":{"start":{"line":65,"column":41},"end":{"line":78,"column":1}},"line":65},"5":{"name":"updateExemplar","decl":{"start":{"line":80,"column":22},"end":{"line":80,"column":36}},"loc":{"start":{"line":80,"column":51},"end":{"line":95,"column":1}},"line":80}},"branchMap":{"0":{"loc":{"start":{"line":15,"column":44},"end":{"line":15,"column":58}},"type":"default-arg","locations":[{"start":{"line":15,"column":54},"end":{"line":15,"column":58}}],"line":15},"1":{"loc":{"start":{"line":16,"column":4},"end":{"line":18,"column":5}},"type":"if","locations":[{"start":{"line":16,"column":4},"end":{"line":18,"column":5}},{"start":{},"end":{}}],"line":16}},"s":{"0":0,"1":0,"2":0,"3":0,"4":0,"5":0,"6":0,"7":0,"8":0,"9":0,"10":0,"11":0,"12":0,"13":0,"14":0,"15":0},"f":{"0":0,"1":0,"2":0,"3":0,"4":0,"5":0},"b":{"0":[0],"1":[0,0]}}
,"C:\\Users\\vitin\\.gemini\\antigravity\\playground\\ruby-opportunity\\Camugere_repo\\api\\src\\Model\\LeitorModel.js": {"path":"C:\\Users\\vitin\\.gemini\\antigravity\\playground\\ruby-opportunity\\Camugere_repo\\api\\src\\Model\\LeitorModel.js","statementMap":{"0":{"start":{"line":4,"column":15},"end":{"line":4,"column":33}},"1":{"start":{"line":6,"column":21},"end":{"line":19,"column":2}},"2":{"start":{"line":21,"column":31},"end":{"line":27,"column":1}},"3":{"start":{"line":22,"column":4},"end":{"line":24,"column":5}},"4":{"start":{"line":23,"column":8},"end":{"line":23,"column":62}},"5":{"start":{"line":26,"column":4},"end":{"line":26,"column":41}},"6":{"start":{"line":30,"column":4},"end":{"line":30,"column":47}},"7":{"start":{"line":30,"column":34},"end":{"line":30,"column":47}},"8":{"start":{"line":32,"column":23},"end":{"line":37,"column":5}},"9":{"start":{"line":33,"column":21},"end":{"line":34,"column":47}},"10":{"start":{"line":33,"column":63},"end":{"line":33,"column":99}},"11":{"start":{"line":34,"column":34},"end":{"line":34,"column":43}},"12":{"start":{"line":35,"column":22},"end":{"line":35,"column":31}},"13":{"start":{"line":36,"column":8},"end":{"line":36,"column":42}},"14":{"start":{"line":39,"column":23},"end":{"line":39,"column":62}},"15":{"start":{"line":40,"column":23},"end":{"line":40,"column":64}},"16":{"start":{"line":42,"column":4},"end":{"line":42,"column":36}},"17":{"start":{"line":46,"column":19},"end":{"line":54,"column":6}},"18":{"start":{"line":56,"column":4},"end":{"line":56,"column":17}},"19":{"start":{"line":60,"column":19},"end":{"line":67,"column":6}},"20":{"start":{"line":69,"column":4},"end":{"line":69,"column":17}},"21":{"start":{"line":73,"column":19},"end":{"line":82,"column":6}},"22":{"start":{"line":84,"column":4},"end":{"line":84,"column":17}},"23":{"start":{"line":88,"column":19},"end":{"line":97,"column":6}},"24":{"start":{"line":99,"column":4},"end":{"line":99,"column":17}},"25":{"start":{"line":103,"column":19},"end":{"line":114,"column":6}},"26":{"start":{"line":116,"column":4},"end":{"line":116,"column":17}}},"fnMap":{"0":{"name":"(anonymous_0)","decl":{"start":{"line":21,"column":31},"end":{"line":21,"column":32}},"loc":{"start":{"line":21,"column":59},"end":{"line":27,"column":1}},"line":21},"1":{"name":"validarCPF","decl":{"start":{"line":29,"column":16},"end":{"line":29,"column":26}},"loc":{"start":{"line":29,"column":32},"end":{"line":43,"column":1}},"line":29},"2":{"name":"(anonymous_2)","decl":{"start":{"line":32,"column":23},"end":{"line":32,"column":24}},"loc":{"start":{"line":32,"column":41},"end":{"line":37,"column":5}},"line":32},"3":{"name":"(anonymous_3)","decl":{"start":{"line":33,"column":53},"end":{"line":33,"column":54}},"loc":{"start":{"line":33,"column":63},"end":{"line":33,"column":99}},"line":33},"4":{"name":"(anonymous_4)","decl":{"start":{"line":34,"column":20},"end":{"line":34,"column":21}},"loc":{"start":{"line":34,"column":34},"end":{"line":34,"column":43}},"line":34},"5":{"name":"createLeitor","decl":{"start":{"line":45,"column":22},"end":{"line":45,"column":34}},"loc":{"start":{"line":45,"column":43},"end":{"line":57,"column":1}},"line":45},"6":{"name":"listLeitor","decl":{"start":{"line":59,"column":22},"end":{"line":59,"column":32}},"loc":{"start":{"line":59,"column":35},"end":{"line":70,"column":1}},"line":59},"7":{"name":"getLeitorById","decl":{"start":{"line":72,"column":22},"end":{"line":72,"column":35}},"loc":{"start":{"line":72,"column":40},"end":{"line":85,"column":1}},"line":72},"8":{"name":"deleteLeitor","decl":{"start":{"line":87,"column":22},"end":{"line":87,"column":34}},"loc":{"start":{"line":87,"column":39},"end":{"line":100,"column":1}},"line":87},"9":{"name":"updateLeitor","decl":{"start":{"line":102,"column":22},"end":{"line":102,"column":34}},"loc":{"start":{"line":102,"column":47},"end":{"line":117,"column":1}},"line":102}},"branchMap":{"0":{"loc":{"start":{"line":21,"column":40},"end":{"line":21,"column":54}},"type":"default-arg","locations":[{"start":{"line":21,"column":50},"end":{"line":21,"column":54}}],"line":21},"1":{"loc":{"start":{"line":22,"column":4},"end":{"line":24,"column":5}},"type":"if","locations":[{"start":{"line":22,"column":4},"end":{"line":24,"column":5}},{"start":{},"end":{}}],"line":22},"2":{"loc":{"start":{"line":30,"column":4},"end":{"line":30,"column":47}},"type":"if","locations":[{"start":{"line":30,"column":4},"end":{"line":30,"column":47}},{"start":{},"end":{}}],"line":30},"3":{"loc":{"start":{"line":36,"column":15},"end":{"line":36,"column":41}},"type":"cond-expr","locations":[{"start":{"line":36,"column":27},"end":{"line":36,"column":28}},{"start":{"line":36,"column":31},"end":{"line":36,"column":41}}],"line":36},"4":{"loc":{"start":{"line":42,"column":11},"end":{"line":42,"column":35}},"type":"binary-expr","locations":[{"start":{"line":42,"column":11},"end":{"line":42,"column":21}},{"start":{"line":42,"column":25},"end":{"line":42,"column":35}}],"line":42}},"s":{"0":0,"1":0,"2":0,"3":0,"4":0,"5":0,"6":0,"7":0,"8":0,"9":0,"10":0,"11":0,"12":0,"13":0,"14":0,"15":0,"16":0,"17":0,"18":0,"19":0,"20":0,"21":0,"22":0,"23":0,"24":0,"25":0,"26":0},"f":{"0":0,"1":0,"2":0,"3":0,"4":0,"5":0,"6":0,"7":0,"8":0,"9":0},"b":{"0":[0],"1":[0,0],"2":[0,0],"3":[0,0],"4":[0,0]}}
,"C:\\Users\\vitin\\.gemini\\antigravity\\playground\\ruby-opportunity\\Camugere_repo\\api\\src\\Model\\ObraAutorModel.js": {"path":"C:\\Users\\vitin\\.gemini\\antigravity\\playground\\ruby-opportunity\\Camugere_repo\\api\\src\\Model\\ObraAutorModel.js","statementMap":{"0":{"start":{"line":3,"column":15},"end":{"line":3,"column":33}},"1":{"start":{"line":6,"column":19},"end":{"line":12,"column":6}},"2":{"start":{"line":14,"column":4},"end":{"line":14,"column":17}},"3":{"start":{"line":18,"column":19},"end":{"line":23,"column":6}},"4":{"start":{"line":25,"column":4},"end":{"line":25,"column":17}},"5":{"start":{"line":29,"column":19},"end":{"line":37,"column":6}},"6":{"start":{"line":39,"column":4},"end":{"line":39,"column":17}},"7":{"start":{"line":43,"column":19},"end":{"line":51,"column":6}},"8":{"start":{"line":53,"column":4},"end":{"line":53,"column":17}},"9":{"start":{"line":57,"column":19},"end":{"line":66,"column":6}},"10":{"start":{"line":68,"column":4},"end":{"line":68,"column":17}}},"fnMap":{"0":{"name":"createObraAutor","decl":{"start":{"line":5,"column":22},"end":{"line":5,"column":37}},"loc":{"start":{"line":5,"column":48},"end":{"line":15,"column":1}},"line":5},"1":{"name":"listObraAutor","decl":{"start":{"line":17,"column":22},"end":{"line":17,"column":35}},"loc":{"start":{"line":17,"column":37},"end":{"line":26,"column":1}},"line":17},"2":{"name":"getObraAutorByIdObra","decl":{"start":{"line":28,"column":22},"end":{"line":28,"column":42}},"loc":{"start":{"line":28,"column":52},"end":{"line":40,"column":1}},"line":28},"3":{"name":"getObraAutorByIdAutor","decl":{"start":{"line":42,"column":22},"end":{"line":42,"column":43}},"loc":{"start":{"line":42,"column":54},"end":{"line":54,"column":1}},"line":42},"4":{"name":"deleteObraAutor","decl":{"start":{"line":56,"column":22},"end":{"line":56,"column":37}},"loc":{"start":{"line":56,"column":57},"end":{"line":69,"column":1}},"line":56}},"branchMap":{},"s":{"0":0,"1":0,"2":0,"3":0,"4":0,"5":0,"6":0,"7":0,"8":0,"9":0,"10":0},"f":{"0":0,"1":0,"2":0,"3":0,"4":0},"b":{}}
,"C:\\Users\\vitin\\.gemini\\antigravity\\playground\\ruby-opportunity\\Camugere_repo\\api\\src\\Model\\ObraModel.js": {"path":"C:\\Users\\vitin\\.gemini\\antigravity\\playground\\ruby-opportunity\\Camugere_repo\\api\\src\\Model\\ObraModel.js","statementMap":{"0":{"start":{"line":4,"column":15},"end":{"line":4,"column":33}},"1":{"start":{"line":6,"column":19},"end":{"line":26,"column":2}},"2":{"start":{"line":28,"column":29},"end":{"line":34,"column":1}},"3":{"start":{"line":29,"column":4},"end":{"line":31,"column":5}},"4":{"start":{"line":30,"column":8},"end":{"line":30,"column":58}},"5":{"start":{"line":33,"column":4},"end":{"line":33,"column":37}},"6":{"start":{"line":37,"column":19},"end":{"line":50,"column":6}},"7":{"start":{"line":52,"column":4},"end":{"line":52,"column":17}},"8":{"start":{"line":56,"column":19},"end":{"line":68,"column":6}},"9":{"start":{"line":70,"column":4},"end":{"line":70,"column":17}},"10":{"start":{"line":74,"column":19},"end":{"line":89,"column":6}},"11":{"start":{"line":91,"column":4},"end":{"line":91,"column":17}},"12":{"start":{"line":96,"column":19},"end":{"line":111,"column":6}},"13":{"start":{"line":113,"column":4},"end":{"line":113,"column":17}},"14":{"start":{"line":117,"column":19},"end":{"line":133,"column":6}},"15":{"start":{"line":135,"column":4},"end":{"line":135,"column":17}}},"fnMap":{"0":{"name":"(anonymous_0)","decl":{"start":{"line":28,"column":29},"end":{"line":28,"column":30}},"loc":{"start":{"line":28,"column":55},"end":{"line":34,"column":1}},"line":28},"1":{"name":"createObra","decl":{"start":{"line":36,"column":22},"end":{"line":36,"column":32}},"loc":{"start":{"line":36,"column":39},"end":{"line":53,"column":1}},"line":36},"2":{"name":"listObra","decl":{"start":{"line":55,"column":22},"end":{"line":55,"column":30}},"loc":{"start":{"line":55,"column":33},"end":{"line":71,"column":1}},"line":55},"3":{"name":"getObraById","decl":{"start":{"line":73,"column":22},"end":{"line":73,"column":33}},"loc":{"start":{"line":73,"column":38},"end":{"line":93,"column":1}},"line":73},"4":{"name":"deleteObra","decl":{"start":{"line":95,"column":22},"end":{"line":95,"column":32}},"loc":{"start":{"line":95,"column":37},"end":{"line":114,"column":1}},"line":95},"5":{"name":"updateObra","decl":{"start":{"line":116,"column":22},"end":{"line":116,"column":32}},"loc":{"start":{"line":116,"column":43},"end":{"line":136,"column":1}},"line":116}},"branchMap":{"0":{"loc":{"start":{"line":28,"column":36},"end":{"line":28,"column":50}},"type":"default-arg","locations":[{"start":{"line":28,"column":46},"end":{"line":28,"column":50}}],"line":28},"1":{"loc":{"start":{"line":29,"column":4},"end":{"line":31,"column":5}},"type":"if","locations":[{"start":{"line":29,"column":4},"end":{"line":31,"column":5}},{"start":{},"end":{}}],"line":29}},"s":{"0":0,"1":0,"2":0,"3":0,"4":0,"5":0,"6":0,"7":0,"8":0,"9":0,"10":0,"11":0,"12":0,"13":0,"14":0,"15":0},"f":{"0":0,"1":0,"2":0,"3":0,"4":0,"5":0},"b":{"0":[0],"1":[0,0]}}
,"C:\\Users\\vitin\\.gemini\\antigravity\\playground\\ruby-opportunity\\Camugere_repo\\api\\src\\Model\\UsuarioModel.js": {"path":"C:\\Users\\vitin\\.gemini\\antigravity\\playground\\ruby-opportunity\\Camugere_repo\\api\\src\\Model\\UsuarioModel.js","statementMap":{"0":{"start":{"line":5,"column":15},"end":{"line":5,"column":33}},"1":{"start":{"line":7,"column":22},"end":{"line":20,"column":2}},"2":{"start":{"line":22,"column":32},"end":{"line":28,"column":1}},"3":{"start":{"line":23,"column":4},"end":{"line":25,"column":5}},"4":{"start":{"line":24,"column":8},"end":{"line":24,"column":64}},"5":{"start":{"line":27,"column":4},"end":{"line":27,"column":43}},"6":{"start":{"line":31,"column":17},"end":{"line":35,"column":5}},"7":{"start":{"line":37,"column":19},"end":{"line":45,"column":6}},"8":{"start":{"line":47,"column":4},"end":{"line":47,"column":17}},"9":{"start":{"line":51,"column":19},"end":{"line":58,"column":6}},"10":{"start":{"line":60,"column":4},"end":{"line":60,"column":17}},"11":{"start":{"line":64,"column":19},"end":{"line":74,"column":6}},"12":{"start":{"line":76,"column":4},"end":{"line":76,"column":17}},"13":{"start":{"line":80,"column":19},"end":{"line":90,"column":6}},"14":{"start":{"line":92,"column":4},"end":{"line":92,"column":17}},"15":{"start":{"line":96,"column":17},"end":{"line":101,"column":5}},"16":{"start":{"line":103,"column":19},"end":{"line":114,"column":6}},"17":{"start":{"line":116,"column":4},"end":{"line":116,"column":17}},"18":{"start":{"line":121,"column":19},"end":{"line":130,"column":6}},"19":{"start":{"line":132,"column":4},"end":{"line":132,"column":17}},"20":{"start":{"line":136,"column":19},"end":{"line":143,"column":6}},"21":{"start":{"line":145,"column":4},"end":{"line":145,"column":17}}},"fnMap":{"0":{"name":"(anonymous_0)","decl":{"start":{"line":22,"column":32},"end":{"line":22,"column":33}},"loc":{"start":{"line":22,"column":61},"end":{"line":28,"column":1}},"line":22},"1":{"name":"createUsuario","decl":{"start":{"line":30,"column":22},"end":{"line":30,"column":35}},"loc":{"start":{"line":30,"column":45},"end":{"line":48,"column":1}},"line":30},"2":{"name":"listUsuario","decl":{"start":{"line":50,"column":22},"end":{"line":50,"column":33}},"loc":{"start":{"line":50,"column":36},"end":{"line":61,"column":1}},"line":50},"3":{"name":"getUsuarioById","decl":{"start":{"line":63,"column":22},"end":{"line":63,"column":36}},"loc":{"start":{"line":63,"column":40},"end":{"line":77,"column":1}},"line":63},"4":{"name":"deleteUsuario","decl":{"start":{"line":79,"column":22},"end":{"line":79,"column":35}},"loc":{"start":{"line":79,"column":40},"end":{"line":93,"column":1}},"line":79},"5":{"name":"updateUsuario","decl":{"start":{"line":95,"column":22},"end":{"line":95,"column":35}},"loc":{"start":{"line":95,"column":49},"end":{"line":118,"column":1}},"line":95},"6":{"name":"getUsuarioByEmail","decl":{"start":{"line":120,"column":22},"end":{"line":120,"column":39}},"loc":{"start":{"line":120,"column":46},"end":{"line":133,"column":1}},"line":120},"7":{"name":"getBibliotecarioByUsuarioId","decl":{"start":{"line":135,"column":22},"end":{"line":135,"column":49}},"loc":{"start":{"line":135,"column":61},"end":{"line":146,"column":1}},"line":135}},"branchMap":{"0":{"loc":{"start":{"line":22,"column":42},"end":{"line":22,"column":56}},"type":"default-arg","locations":[{"start":{"line":22,"column":52},"end":{"line":22,"column":56}}],"line":22},"1":{"loc":{"start":{"line":23,"column":4},"end":{"line":25,"column":5}},"type":"if","locations":[{"start":{"line":23,"column":4},"end":{"line":25,"column":5}},{"start":{},"end":{}}],"line":23}},"s":{"0":0,"1":0,"2":0,"3":0,"4":0,"5":0,"6":0,"7":0,"8":0,"9":0,"10":0,"11":0,"12":0,"13":0,"14":0,"15":0,"16":0,"17":0,"18":0,"19":0,"20":0,"21":0},"f":{"0":0,"1":0,"2":0,"3":0,"4":0,"5":0,"6":0,"7":0},"b":{"0":[0],"1":[0,0]}}
}
