TN:
SF:src\Controller\Autor\createAutorController.js
FN:4,createAutorController
FNF:1
FNH:0
FNDA:0,createAutorController
DA:5,0
DA:6,0
DA:8,0
DA:10,0
DA:11,0
DA:14,0
DA:16,0
DA:17,0
DA:20,0
DA:25,0
LF:10
LH:0
BRDA:10,0,0,0
BRDA:10,0,1,0
BRDA:16,1,0,0
BRDA:16,1,1,0
BRF:4
BRH:0
end_of_record
TN:
SF:src\Controller\Autor\deleteAutorController.js
FN:3,deleteAutorController
FNF:1
FNH:0
FNDA:0,deleteAutorController
DA:4,0
DA:5,0
DA:7,0
DA:9,0
DA:10,0
DA:13,0
DA:17,0
LF:7
LH:0
BRDA:9,0,0,0
BRDA:9,0,1,0
BRF:2
BRH:0
end_of_record
TN:
SF:src\Controller\Autor\getAutorByIdController.js
FN:3,getAutorByIdController
FNF:1
FNH:0
FNDA:0,getAutorByIdController
DA:4,0
DA:5,0
DA:7,0
DA:9,0
DA:10,0
DA:13,0
DA:18,0
LF:7
LH:0
BRDA:9,0,0,0
BRDA:9,0,1,0
BRF:2
BRH:0
end_of_record
TN:
SF:src\Controller\Autor\listAutorController.js
FN:3,listAutorController
FNF:1
FNH:0
FNDA:0,listAutorController
DA:4,0
DA:5,0
DA:7,0
DA:8,0
DA:11,0
DA:16,0
LF:6
LH:0
BRDA:7,0,0,0
BRDA:7,0,1,0
BRF:2
BRH:0
end_of_record
TN:
SF:src\Controller\Autor\updateAutorController.js
FN:4,updateAutorController
FNF:1
FNH:0
FNDA:0,updateAutorController
DA:5,0
DA:6,0
DA:7,0
DA:9,0
DA:11,0
DA:12,0
DA:15,0
DA:17,0
DA:18,0
DA:21,0
DA:26,0
LF:11
LH:0
BRDA:11,0,0,0
BRDA:11,0,1,0
BRDA:17,1,0,0
BRDA:17,1,1,0
BRF:4
BRH:0
end_of_record
TN:
SF:src\Controller\Biblliotecario\createBibliotecarioController.js
FN:4,createBibliotecarioController
FNF:1
FNH:0
FNDA:0,createBibliotecarioController
DA:5,0
DA:6,0
DA:8,0
DA:10,0
DA:11,0
DA:14,0
DA:16,0
DA:17,0
DA:20,0
DA:27,0
LF:10
LH:0
BRDA:10,0,0,0
BRDA:10,0,1,0
BRDA:16,1,0,0
BRDA:16,1,1,0
BRF:4
BRH:0
end_of_record
TN:
SF:src\Controller\Biblliotecario\deleteBibliotecarioController.js
FN:3,deleteBibliotecarioController
FNF:1
FNH:0
FNDA:0,deleteBibliotecarioController
DA:4,0
DA:5,0
DA:7,0
DA:9,0
DA:10,0
DA:13,0
DA:18,0
LF:7
LH:0
BRDA:9,0,0,0
BRDA:9,0,1,0
BRF:2
BRH:0
end_of_record
TN:
SF:src\Controller\Biblliotecario\getBibliotecarioByIdController.js
FN:3,getBibliotecarioByIdController
FNF:1
FNH:0
FNDA:0,getBibliotecarioByIdController
DA:4,0
DA:5,0
DA:7,0
DA:9,0
DA:10,0
DA:13,0
DA:18,0
LF:7
LH:0
BRDA:9,0,0,0
BRDA:9,0,1,0
BRF:2
BRH:0
end_of_record
TN:
SF:src\Controller\Biblliotecario\listBibliotecarioController.js
FN:3,listBibliotecarioController
FNF:1
FNH:0
FNDA:0,listBibliotecarioController
DA:4,0
DA:5,0
DA:7,0
DA:8,0
DA:11,0
DA:16,0
LF:6
LH:0
BRDA:7,0,0,0
BRDA:7,0,1,0
BRF:2
BRH:0
end_of_record
TN:
SF:src\Controller\Cdd\createCddController.js
FN:4,createCddController
FNF:1
FNH:0
FNDA:0,createCddController
DA:5,0
DA:6,0
DA:8,0
DA:10,0
DA:11,0
DA:14,0
DA:16,0
DA:17,0
DA:20,0
DA:25,0
LF:10
LH:0
BRDA:10,0,0,0
BRDA:10,0,1,0
BRDA:16,1,0,0
BRDA:16,1,1,0
BRF:4
BRH:0
end_of_record
TN:
SF:src\Controller\Cdd\deleteCddController.js
FN:3,deleteCddController
FNF:1
FNH:0
FNDA:0,deleteCddController
DA:4,0
DA:5,0
DA:7,0
DA:9,0
DA:10,0
DA:13,0
DA:18,0
LF:7
LH:0
BRDA:9,0,0,0
BRDA:9,0,1,0
BRF:2
BRH:0
end_of_record
TN:
SF:src\Controller\Cdd\getCddByIdController.js
FN:3,getCddByIdController
FNF:1
FNH:0
FNDA:0,getCddByIdController
DA:4,0
DA:5,0
DA:7,0
DA:9,0
DA:10,0
DA:13,0
DA:18,0
LF:7
LH:0
BRDA:9,0,0,0
BRDA:9,0,1,0
BRF:2
BRH:0
end_of_record
TN:
SF:src\Controller\Cdd\listCddController.js
FN:3,listCddController
FNF:1
FNH:0
FNDA:0,listCddController
DA:4,0
DA:5,0
DA:7,0
DA:8,0
DA:11,0
DA:16,0
LF:6
LH:0
BRDA:7,0,0,0
BRDA:7,0,1,0
BRF:2
BRH:0
end_of_record
TN:
SF:src\Controller\Cdd\updateCddController.js
FN:4,updateCddController
FNF:1
FNH:0
FNDA:0,updateCddController
DA:5,0
DA:6,0
DA:7,0
DA:9,0
DA:11,0
DA:12,0
DA:15,0
DA:17,0
DA:18,0
DA:21,0
DA:26,0
LF:11
LH:0
BRDA:11,0,0,0
BRDA:11,0,1,0
BRDA:17,1,0,0
BRDA:17,1,1,0
BRF:4
BRH:0
end_of_record
TN:
SF:src\Controller\Emprestimo\createEmprestimoController.js
FN:4,createEmprestimoController
FNF:1
FNH:0
FNDA:0,createEmprestimoController
DA:5,0
DA:6,0
DA:8,0
DA:10,0
DA:11,0
DA:14,0
DA:16,0
DA:17,0
DA:20,0
DA:25,0
LF:10
LH:0
BRDA:10,0,0,0
BRDA:10,0,1,0
BRDA:16,1,0,0
BRDA:16,1,1,0
BRF:4
BRH:0
end_of_record
TN:
SF:src\Controller\Emprestimo\deleteEmprestimoController.js
FN:3,deleteEmprestimoController
FNF:1
FNH:0
FNDA:0,deleteEmprestimoController
DA:4,0
DA:5,0
DA:7,0
DA:9,0
DA:10,0
DA:13,0
DA:18,0
LF:7
LH:0
BRDA:9,0,0,0
BRDA:9,0,1,0
BRF:2
BRH:0
end_of_record
TN:
SF:src\Controller\Emprestimo\getEmprestimoByIdController.js
FN:3,getEmprestimoByIdController
FNF:1
FNH:0
FNDA:0,getEmprestimoByIdController
DA:4,0
DA:5,0
DA:7,0
DA:9,0
DA:10,0
DA:13,0
DA:18,0
LF:7
LH:0
BRDA:9,0,0,0
BRDA:9,0,1,0
BRF:2
BRH:0
end_of_record
TN:
SF:src\Controller\Emprestimo\listEmprestimoController.js
FN:3,listEmprestimoController
FNF:1
FNH:0
FNDA:0,listEmprestimoController
DA:4,0
DA:5,0
DA:7,0
DA:8,0
DA:11,0
DA:16,0
LF:6
LH:0
BRDA:7,0,0,0
BRDA:7,0,1,0
BRF:2
BRH:0
end_of_record
TN:
SF:src\Controller\Emprestimo\updateEmprestimoController.js
FN:4,updateEmprestimoController
FNF:1
FNH:0
FNDA:0,updateEmprestimoController
DA:5,0
DA:6,0
DA:7,0
DA:9,0
DA:11,0
DA:12,0
DA:15,0
DA:17,0
DA:18,0
DA:21,0
DA:26,0
LF:11
LH:0
BRDA:11,0,0,0
BRDA:11,0,1,0
BRDA:17,1,0,0
BRDA:17,1,1,0
BRF:4
BRH:0
end_of_record
TN:
SF:src\Controller\Exemplar\createExemplarController.js
FN:4,createExemplarController
FNF:1
FNH:0
FNDA:0,createExemplarController
DA:5,0
DA:6,0
DA:8,0
DA:10,0
DA:11,0
DA:14,0
DA:16,0
DA:17,0
DA:20,0
DA:25,0
LF:10
LH:0
BRDA:10,0,0,0
BRDA:10,0,1,0
BRDA:16,1,0,0
BRDA:16,1,1,0
BRF:4
BRH:0
end_of_record
TN:
SF:src\Controller\Exemplar\deleteExemplarController.js
FN:3,getExemplarByIdController
FNF:1
FNH:0
FNDA:0,getExemplarByIdController
DA:4,0
DA:5,0
DA:7,0
DA:9,0
DA:10,0
DA:13,0
DA:18,0
LF:7
LH:0
BRDA:9,0,0,0
BRDA:9,0,1,0
BRF:2
BRH:0
end_of_record
TN:
SF:src\Controller\Exemplar\getExemplarByIdController.js
FN:3,getExemplarByIdController
FNF:1
FNH:0
FNDA:0,getExemplarByIdController
DA:4,0
DA:5,0
DA:7,0
DA:9,0
DA:10,0
DA:13,0
DA:18,0
LF:7
LH:0
BRDA:9,0,0,0
BRDA:9,0,1,0
BRF:2
BRH:0
end_of_record
TN:
SF:src\Controller\Exemplar\listExemplarController.js
FN:3,listExemplarController
FNF:1
FNH:0
FNDA:0,listExemplarController
DA:4,0
DA:5,0
DA:7,0
DA:8,0
DA:11,0
DA:16,0
LF:6
LH:0
BRDA:7,0,0,0
BRDA:7,0,1,0
BRF:2
BRH:0
end_of_record
TN:
SF:src\Controller\Exemplar\updateExemplarController.js
FN:4,updateExemplarController
FNF:1
FNH:0
FNDA:0,updateExemplarController
DA:5,0
DA:6,0
DA:7,0
DA:9,0
DA:11,0
DA:12,0
DA:15,0
DA:17,0
DA:18,0
DA:21,0
DA:26,0
LF:11
LH:0
BRDA:11,0,0,0
BRDA:11,0,1,0
BRDA:17,1,0,0
BRDA:17,1,1,0
BRF:4
BRH:0
end_of_record
TN:
SF:src\Controller\Leitor\createLeitorController.js
FN:6,createLeitorController
FNF:1
FNH:0
FNDA:0,createLeitorController
DA:7,0
DA:8,0
DA:9,0
DA:11,0
DA:12,0
DA:15,0
DA:17,0
DA:18,0
DA:21,0
DA:23,0
DA:24,0
DA:27,0
DA:29,0
DA:30,0
DA:33,0
DA:40,0
LF:16
LH:0
BRDA:11,0,0,0
BRDA:11,0,1,0
BRDA:17,1,0,0
BRDA:17,1,1,0
BRDA:23,2,0,0
BRDA:23,2,1,0
BRDA:29,3,0,0
BRDA:29,3,1,0
BRF:8
BRH:0
end_of_record
TN:
SF:src\Controller\Leitor\deleteLeitorController.js
FN:3,deleteLeitorController
FNF:1
FNH:0
FNDA:0,deleteLeitorController
DA:4,0
DA:5,0
DA:7,0
DA:9,0
DA:10,0
DA:13,0
DA:18,0
LF:7
LH:0
BRDA:9,0,0,0
BRDA:9,0,1,0
BRF:2
BRH:0
end_of_record
TN:
SF:src\Controller\Leitor\getLeitorByIdController.js
FN:4,getLeitorByIdController
FNF:1
FNH:0
FNDA:0,getLeitorByIdController
DA:5,0
DA:6,0
DA:8,0
DA:10,0
DA:11,0
DA:14,0
DA:16,0
DA:17,0
DA:20,0
DA:26,0
LF:10
LH:0
BRDA:10,0,0,0
BRDA:10,0,1,0
BRDA:16,1,0,0
BRDA:16,1,1,0
BRF:4
BRH:0
end_of_record
TN:
SF:src\Controller\Leitor\listLeitorController.js
FN:3,listLeitorController
FNF:1
FNH:0
FNDA:0,listLeitorController
DA:4,0
DA:5,0
DA:7,0
DA:8,0
DA:11,0
DA:16,0
LF:6
LH:0
BRDA:7,0,0,0
BRDA:7,0,1,0
BRF:2
BRH:0
end_of_record
TN:
SF:src\Controller\Leitor\updateLeitorController.js
FN:6,updateLeitorController
FNF:1
FNH:0
FNDA:0,updateLeitorController
DA:7,0
DA:8,0
DA:9,0
DA:11,0
DA:13,0
DA:14,0
DA:17,0
DA:19,0
DA:20,0
DA:23,0
DA:25,0
DA:26,0
DA:29,0
DA:35,0
LF:14
LH:0
BRDA:13,0,0,0
BRDA:13,0,1,0
BRDA:19,1,0,0
BRDA:19,1,1,0
BRDA:25,2,0,0
BRDA:25,2,1,0
BRF:6
BRH:0
end_of_record
TN:
SF:src\Controller\Obra\createObraController.js
FN:4,createObraController
FNF:1
FNH:0
FNDA:0,createObraController
DA:5,0
DA:6,0
DA:8,0
DA:10,0
DA:11,0
DA:14,0
DA:16,0
DA:17,0
DA:20,0
DA:25,0
LF:10
LH:0
BRDA:10,0,0,0
BRDA:10,0,1,0
BRDA:16,1,0,0
BRDA:16,1,1,0
BRF:4
BRH:0
end_of_record
TN:
SF:src\Controller\Obra\deleteObraController.js
FN:3,deleteObraController
FNF:1
FNH:0
FNDA:0,deleteObraController
DA:4,0
DA:5,0
DA:7,0
DA:9,0
DA:10,0
DA:13,0
DA:18,0
LF:7
LH:0
BRDA:9,0,0,0
BRDA:9,0,1,0
BRF:2
BRH:0
end_of_record
TN:
SF:src\Controller\Obra\getObraByIdController.js
FN:3,getObraByIdController
FNF:1
FNH:0
FNDA:0,getObraByIdController
DA:4,0
DA:5,0
DA:7,0
DA:9,0
DA:10,0
DA:13,0
DA:18,0
LF:7
LH:0
BRDA:9,0,0,0
BRDA:9,0,1,0
BRF:2
BRH:0
end_of_record
TN:
SF:src\Controller\Obra\listObraController.js
FN:3,listObraController
FNF:1
FNH:0
FNDA:0,listObraController
DA:4,0
DA:5,0
DA:7,0
DA:8,0
DA:11,0
DA:16,0
LF:6
LH:0
BRDA:7,0,0,0
BRDA:7,0,1,0
BRF:2
BRH:0
end_of_record
TN:
SF:src\Controller\Obra\updateObraController.js
FN:4,updateObraController
FNF:1
FNH:0
FNDA:0,updateObraController
DA:5,0
DA:6,0
DA:7,0
DA:9,0
DA:11,0
DA:12,0
DA:15,0
DA:17,0
DA:18,0
DA:21,0
DA:26,0
LF:11
LH:0
BRDA:11,0,0,0
BRDA:11,0,1,0
BRDA:17,1,0,0
BRDA:17,1,1,0
BRF:4
BRH:0
end_of_record
TN:
SF:src\Controller\ObraAutor\createObraAutorController.js
FN:3,createObraAutorController
FNF:1
FNH:0
FNDA:0,createObraAutorController
DA:4,0
DA:5,0
DA:7,0
DA:9,0
DA:10,0
DA:13,0
DA:18,0
LF:7
LH:0
BRDA:9,0,0,0
BRDA:9,0,1,0
BRF:2
BRH:0
end_of_record
TN:
SF:src\Controller\ObraAutor\deleteObraAutorController.js
FN:3,deleteObraAutorController
FNF:1
FNH:0
FNDA:0,deleteObraAutorController
DA:4,0
DA:5,0
DA:7,0
DA:9,0
DA:10,0
DA:13,0
DA:18,0
LF:7
LH:0
BRDA:9,0,0,0
BRDA:9,0,1,0
BRF:2
BRH:0
end_of_record
TN:
SF:src\Controller\ObraAutor\getObraAutorByIdAutorController.js
FN:3,getObraAutorByIdAutorController
FNF:1
FNH:0
FNDA:0,getObraAutorByIdAutorController
DA:4,0
DA:5,0
DA:7,0
DA:9,0
DA:10,0
DA:13,0
DA:18,0
LF:7
LH:0
BRDA:9,0,0,0
BRDA:9,0,1,0
BRF:2
BRH:0
end_of_record
TN:
SF:src\Controller\ObraAutor\getObraAutorByIdObraController.js
FN:3,getObraAutorByIdObraController
FNF:1
FNH:0
FNDA:0,getObraAutorByIdObraController
DA:4,0
DA:5,0
DA:7,0
DA:9,0
DA:10,0
DA:13,0
DA:18,0
LF:7
LH:0
BRDA:9,0,0,0
BRDA:9,0,1,0
BRF:2
BRH:0
end_of_record
TN:
SF:src\Controller\ObraAutor\listObraAutorController.js
FN:3,listObraAutorController
FNF:1
FNH:0
FNDA:0,listObraAutorController
DA:4,0
DA:5,0
DA:7,0
DA:8,0
DA:11,0
DA:16,0
LF:6
LH:0
BRDA:7,0,0,0
BRDA:7,0,1,0
BRF:2
BRH:0
end_of_record
TN:
SF:src\Controller\Usuario\authenticateUsuarioController.js
FN:7,authenticateUsuarioBibliotecarioController
FNF:1
FNH:0
FNDA:0,authenticateUsuarioBibliotecarioController
DA:8,0
DA:9,0
DA:11,0
DA:13,0
DA:14,0
DA:17,0
DA:19,0
DA:20,0
DA:23,0
DA:24,0
DA:25,0
DA:28,0
DA:30,0
DA:31,0
DA:34,0
DA:39,0
DA:45,0
LF:17
LH:0
BRDA:13,0,0,0
BRDA:13,0,1,0
BRDA:19,1,0,0
BRDA:19,1,1,0
BRDA:24,2,0,0
BRDA:24,2,1,0
BRDA:30,3,0,0
BRDA:30,3,1,0
BRF:8
BRH:0
end_of_record
TN:
SF:src\Controller\Usuario\createUsuarioController.js
FN:4,createUsuarioController
FNF:1
FNH:0
FNDA:0,createUsuarioController
DA:5,0
DA:6,0
DA:7,0
DA:9,0
DA:10,0
DA:13,0
DA:15,0
DA:16,0
DA:19,0
DA:25,0
LF:10
LH:0
BRDA:9,0,0,0
BRDA:9,0,1,0
BRDA:15,1,0,0
BRDA:15,1,1,0
BRF:4
BRH:0
end_of_record
TN:
SF:src\Controller\Usuario\deleteUsuarioController.js
FN:3,deleteUsuarioController
FNF:1
FNH:0
FNDA:0,deleteUsuarioController
DA:4,0
DA:5,0
DA:7,0
DA:9,0
DA:10,0
DA:13,0
DA:18,0
LF:7
LH:0
BRDA:9,0,0,0
BRDA:9,0,1,0
BRF:2
BRH:0
end_of_record
TN:
SF:src\Controller\Usuario\getUsuarioByIdController.js
FN:3,getUsuarioByIdController
FNF:1
FNH:0
FNDA:0,getUsuarioByIdController
DA:4,0
DA:5,0
DA:7,0
DA:9,0
DA:10,0
DA:13,0
DA:18,0
LF:7
LH:0
BRDA:9,0,0,0
BRDA:9,0,1,0
BRF:2
BRH:0
end_of_record
TN:
SF:src\Controller\Usuario\listUsuarioController.js
FN:3,listUsuarioController
FNF:1
FNH:0
FNDA:0,listUsuarioController
DA:4,0
DA:5,0
DA:7,0
DA:8,0
DA:11,0
DA:16,0
LF:6
LH:0
BRDA:7,0,0,0
BRDA:7,0,1,0
BRF:2
BRH:0
end_of_record
TN:
SF:src\Controller\Usuario\updateUsuarioController.js
FN:4,updateUsuarioController
FNF:1
FNH:0
FNDA:0,updateUsuarioController
DA:5,0
DA:6,0
DA:7,0
DA:9,0
DA:11,0
DA:12,0
DA:15,0
DA:17,0
DA:18,0
DA:21,0
DA:27,0
LF:11
LH:0
BRDA:11,0,0,0
BRDA:11,0,1,0
BRDA:17,1,0,0
BRDA:17,1,1,0
BRF:4
BRH:0
end_of_record
TN:
SF:src\Model\AutorModel.js
FN:13,(anonymous_0)
FN:21,createAutor
FN:33,listAutor
FN:44,getAutorById
FN:58,deleteAutor
FN:71,updateAutor
FNF:6
FNH:0
FNDA:0,(anonymous_0)
FNDA:0,createAutor
FNDA:0,listAutor
FNDA:0,getAutorById
FNDA:0,deleteAutor
FNDA:0,updateAutor
DA:4,0
DA:6,0
DA:13,0
DA:14,0
DA:15,0
DA:18,0
DA:22,0
DA:30,0
DA:34,0
DA:41,0
DA:45,0
DA:55,0
DA:59,0
DA:68,0
DA:72,0
DA:83,0
LF:16
LH:0
BRDA:13,0,0,0
BRDA:14,1,0,0
BRDA:14,1,1,0
BRF:3
BRH:0
end_of_record
TN:
SF:src\Model\BibliotecarioModel.js
FN:5,createBibliotecario
FN:17,listBibliotecario
FN:28,getBibliotecarioById
FN:41,deleteBibliotecario
FNF:4
FNH:0
FNDA:0,createBibliotecario
FNDA:0,listBibliotecario
FNDA:0,getBibliotecarioById
FNDA:0,deleteBibliotecario
DA:3,0
DA:6,0
DA:14,0
DA:18,0
DA:25,0
DA:29,0
DA:38,0
DA:42,0
DA:51,0
LF:9
LH:0
BRF:0
BRH:0
end_of_record
TN:
SF:src\Model\CddModel.js
FN:13,(anonymous_0)
FN:21,createCdd
FN:33,listCdd
FN:44,getCddById
FN:58,deleteCdd
FN:72,updateCdd
FNF:6
FNH:1
FNDA:0,(anonymous_0)
FNDA:0,createCdd
FNDA:1,listCdd
FNDA:0,getCddById
FNDA:0,deleteCdd
FNDA:0,updateCdd
DA:4,1
DA:6,1
DA:13,1
DA:14,0
DA:15,0
DA:18,0
DA:22,0
DA:30,0
DA:34,1
DA:41,1
DA:45,0
DA:55,0
DA:59,0
DA:69,0
DA:73,0
DA:84,0
LF:16
LH:5
BRDA:13,0,0,0
BRDA:14,1,0,0
BRDA:14,1,1,0
BRF:3
BRH:0
end_of_record
TN:
SF:src\Model\EmprestimoModel.js
FN:11,(anonymous_0)
FN:21,(anonymous_1)
FN:29,createEmprestimo
FN:51,listEmprestimo
FN:65,getEmprestimoById
FN:81,deleteEmprestimo
FN:97,updateEmprestimo
FNF:7
FNH:0
FNDA:0,(anonymous_0)
FNDA:0,(anonymous_1)
FNDA:0,createEmprestimo
FNDA:0,listEmprestimo
FNDA:0,getEmprestimoById
FNDA:0,deleteEmprestimo
FNDA:0,updateEmprestimo
DA:5,0
DA:7,0
DA:11,0
DA:21,0
DA:22,0
DA:23,0
DA:26,0
DA:30,0
DA:32,0
DA:48,0
DA:52,0
DA:62,0
DA:66,0
DA:78,0
DA:82,0
DA:94,0
DA:98,0
DA:112,0
LF:18
LH:0
BRDA:21,0,0,0
BRDA:22,1,0,0
BRDA:22,1,1,0
BRDA:37,2,0,0
BRDA:37,2,1,0
BRF:5
BRH:0
end_of_record
TN:
SF:src\Model\ExemplarModel.js
FN:15,(anonymous_0)
FN:23,createExemplar
FN:37,listExemplar
FN:50,getExemplarById
FN:65,deleteExemplar
FN:80,updateExemplar
FNF:6
FNH:0
FNDA:0,(anonymous_0)
FNDA:0,createExemplar
FNDA:0,listExemplar
FNDA:0,getExemplarById
FNDA:0,deleteExemplar
FNDA:0,updateExemplar
DA:4,0
DA:6,0
DA:15,0
DA:16,0
DA:17,0
DA:20,0
DA:24,0
DA:34,0
DA:38,0
DA:47,0
DA:51,0
DA:62,0
DA:66,0
DA:77,0
DA:81,0
DA:94,0
LF:16
LH:0
BRDA:15,0,0,0
BRDA:16,1,0,0
BRDA:16,1,1,0
BRF:3
BRH:0
end_of_record
TN:
SF:src\Model\LeitorModel.js
FN:21,(anonymous_0)
FN:29,validarCPF
FN:32,(anonymous_2)
FN:33,(anonymous_3)
FN:34,(anonymous_4)
FN:45,createLeitor
FN:59,listLeitor
FN:72,getLeitorById
FN:87,deleteLeitor
FN:102,updateLeitor
FNF:10
FNH:0
FNDA:0,(anonymous_0)
FNDA:0,validarCPF
FNDA:0,(anonymous_2)
FNDA:0,(anonymous_3)
FNDA:0,(anonymous_4)
FNDA:0,createLeitor
FNDA:0,listLeitor
FNDA:0,getLeitorById
FNDA:0,deleteLeitor
FNDA:0,updateLeitor
DA:4,0
DA:6,0
DA:21,0
DA:22,0
DA:23,0
DA:26,0
DA:30,0
DA:32,0
DA:33,0
DA:34,0
DA:35,0
DA:36,0
DA:39,0
DA:40,0
DA:42,0
DA:46,0
DA:56,0
DA:60,0
DA:69,0
DA:73,0
DA:84,0
DA:88,0
DA:99,0
DA:103,0
DA:116,0
LF:25
LH:0
BRDA:21,0,0,0
BRDA:22,1,0,0
BRDA:22,1,1,0
BRDA:30,2,0,0
BRDA:30,2,1,0
BRDA:36,3,0,0
BRDA:36,3,1,0
BRDA:42,4,0,0
BRDA:42,4,1,0
BRF:9
BRH:0
end_of_record
TN:
SF:src\Model\ObraAutorModel.js
FN:5,createObraAutor
FN:17,listObraAutor
FN:28,getObraAutorByIdObra
FN:42,getObraAutorByIdAutor
FN:56,deleteObraAutor
FNF:5
FNH:0
FNDA:0,createObraAutor
FNDA:0,listObraAutor
FNDA:0,getObraAutorByIdObra
FNDA:0,getObraAutorByIdAutor
FNDA:0,deleteObraAutor
DA:3,0
DA:6,0
DA:14,0
DA:18,0
DA:25,0
DA:29,0
DA:39,0
DA:43,0
DA:53,0
DA:57,0
DA:68,0
LF:11
LH:0
BRF:0
BRH:0
end_of_record
TN:
SF:src\Model\ObraModel.js
FN:28,(anonymous_0)
FN:36,createObra
FN:55,listObra
FN:73,getObraById
FN:95,deleteObra
FN:116,updateObra
FNF:6
FNH:0
FNDA:0,(anonymous_0)
FNDA:0,createObra
FNDA:0,listObra
FNDA:0,getObraById
FNDA:0,deleteObra
FNDA:0,updateObra
DA:4,0
DA:6,0
DA:28,0
DA:29,0
DA:30,0
DA:33,0
DA:37,0
DA:52,0
DA:56,0
DA:70,0
DA:74,0
DA:91,0
DA:96,0
DA:113,0
DA:117,0
DA:135,0
LF:16
LH:0
BRDA:28,0,0,0
BRDA:29,1,0,0
BRDA:29,1,1,0
BRF:3
BRH:0
end_of_record
TN:
SF:src\Model\UsuarioModel.js
FN:22,(anonymous_0)
FN:30,createUsuario
FN:50,listUsuario
FN:63,getUsuarioById
FN:79,deleteUsuario
FN:95,updateUsuario
FN:120,getUsuarioByEmail
FN:135,getBibliotecarioByUsuarioId
FNF:8
FNH:0
FNDA:0,(anonymous_0)
FNDA:0,createUsuario
FNDA:0,listUsuario
FNDA:0,getUsuarioById
FNDA:0,deleteUsuario
FNDA:0,updateUsuario
FNDA:0,getUsuarioByEmail
FNDA:0,getBibliotecarioByUsuarioId
DA:5,0
DA:7,0
DA:22,0
DA:23,0
DA:24,0
DA:27,0
DA:31,0
DA:37,0
DA:47,0
DA:51,0
DA:60,0
DA:64,0
DA:76,0
DA:80,0
DA:92,0
DA:96,0
DA:103,0
DA:116,0
DA:121,0
DA:132,0
DA:136,0
DA:145,0
LF:22
LH:0
BRDA:22,0,0,0
BRDA:23,1,0,0
BRDA:23,1,1,0
BRF:3
BRH:0
end_of_record
